TN:
SF:src\App.tsx
FN:20,App
FNF:1
FNH:1
FNDA:1,App
DA:1,1
DA:2,1
DA:3,1
DA:4,1
DA:6,1
DA:7,1
DA:8,1
DA:9,1
DA:10,1
DA:11,1
DA:12,1
DA:13,1
DA:14,1
DA:15,1
DA:16,1
DA:17,1
DA:18,1
DA:20,1
DA:21,1
DA:22,1
DA:23,1
DA:24,1
DA:25,1
DA:26,1
DA:27,1
DA:28,1
DA:29,1
DA:30,1
DA:31,1
DA:32,1
DA:33,1
DA:34,1
DA:35,1
DA:36,1
DA:37,1
DA:38,1
DA:39,1
DA:40,1
DA:41,1
DA:42,1
DA:43,1
DA:45,1
LF:42
LH:42
BRDA:6,0,0,1
BRDA:20,1,0,1
BRF:2
BRH:2
end_of_record
TN:
SF:src\components\UpdateBanner.tsx
FN:3,UpdateBanner
FN:15,onClick
FNF:2
FNH:2
FNDA:6,UpdateBanner
FNDA:1,onClick
DA:1,1
DA:3,1
DA:4,6
DA:5,6
DA:6,6
DA:7,6
DA:9,6
DA:11,2
DA:12,2
DA:13,2
DA:14,2
DA:15,2
DA:16,2
DA:17,2
DA:19,2
DA:20,2
DA:22,2
LF:17
LH:17
BRDA:3,0,0,6
BRDA:9,1,0,4
BRDA:9,2,0,2
BRDA:15,3,0,1
BRF:4
BRH:4
end_of_record
TN:
SF:src\components\layout\AppShell.tsx
FN:6,AppShell
FNF:1
FNH:1
FNDA:3,AppShell
DA:1,1
DA:2,1
DA:3,1
DA:4,1
DA:6,1
DA:7,3
DA:8,3
DA:9,3
DA:10,3
DA:11,3
DA:12,3
DA:13,3
DA:14,3
DA:15,3
DA:17,3
LF:15
LH:15
BRDA:6,0,0,3
BRF:1
BRH:1
end_of_record
TN:
SF:src\components\layout\BottomNav.tsx
FN:30,BottomNav
FN:41,onClick
FN:48,onClick
FN:60,onClick
FN:77,className
FN:85,children
FN:95,onClick
FNF:7
FNH:7
FNDA:16,BottomNav
FNDA:1,onClick
FNDA:1,onClick
FNDA:1,onClick
FNDA:64,className
FNDA:64,children
FNDA:4,onClick
DA:1,1
DA:2,1
DA:14,1
DA:16,1
DA:17,1
DA:18,1
DA:19,1
DA:20,1
DA:21,1
DA:23,1
DA:24,1
DA:25,1
DA:26,1
DA:27,1
DA:28,1
DA:30,1
DA:31,16
DA:32,16
DA:34,16
DA:35,16
DA:37,16
DA:38,4
DA:39,4
DA:40,4
DA:41,4
DA:42,4
DA:43,4
DA:44,4
DA:45,4
DA:46,16
DA:47,16
DA:48,16
DA:49,1
DA:50,1
DA:51,1
DA:52,16
DA:54,16
DA:55,16
DA:56,16
DA:57,4
DA:58,4
DA:59,4
DA:60,4
DA:61,4
DA:63,4
DA:65,4
DA:66,4
DA:67,4
DA:71,16
DA:72,16
DA:73,64
DA:74,64
DA:75,64
DA:76,64
DA:77,64
DA:78,64
DA:79,64
DA:80,15
DA:81,49
DA:82,64
DA:85,64
DA:86,64
DA:87,64
DA:88,64
DA:89,64
DA:91,64
DA:92,16
DA:94,16
DA:95,16
DA:96,16
DA:97,16
DA:98,16
DA:100,16
DA:102,16
DA:103,16
DA:104,16
DA:106,16
LF:77
LH:77
BRDA:30,0,0,16
BRDA:37,1,0,4
BRDA:97,2,0,4
BRDA:97,3,0,12
BRDA:100,4,0,4
BRDA:100,5,0,12
BRDA:41,6,0,1
BRDA:45,7,0,16
BRDA:48,8,0,1
BRDA:60,9,0,1
BRDA:72,10,0,64
BRDA:77,11,0,64
BRDA:79,12,0,15
BRDA:80,13,0,49
BRDA:85,14,0,64
BRDA:87,15,0,15
BRDA:87,16,0,49
BRDA:95,17,0,4
BRDA:95,18,0,4
BRF:19
BRH:19
end_of_record
TN:
SF:src\components\layout\TopBar.tsx
FN:11,TopBar
FN:21,onClick
FNF:2
FNH:2
FNDA:11,TopBar
FNDA:1,onClick
DA:1,1
DA:2,1
DA:11,1
DA:12,11
DA:13,11
DA:15,11
DA:17,11
DA:18,11
DA:19,11
DA:20,4
DA:21,4
DA:22,4
DA:23,4
DA:25,4
DA:26,4
DA:28,7
DA:29,7
DA:30,7
DA:31,7
DA:34,11
DA:35,1
DA:36,1
DA:37,1
DA:40,11
DA:41,11
DA:42,11
DA:43,6
DA:44,6
DA:45,6
DA:47,6
DA:48,6
DA:50,11
DA:51,11
DA:53,11
LF:34
LH:34
BRDA:11,0,0,11
BRDA:19,1,0,10
BRDA:19,2,0,4
BRDA:26,3,0,7
BRDA:34,4,0,2
BRDA:34,5,0,1
BRDA:42,6,0,6
BRDA:21,7,0,1
BRF:8
BRH:8
end_of_record
TN:
SF:src\components\ui\Badge.tsx
FN:32,Badge
FNF:1
FNH:1
FNDA:560,Badge
DA:14,1
DA:15,1
DA:16,1
DA:17,1
DA:18,1
DA:19,1
DA:20,1
DA:21,1
DA:22,1
DA:23,1
DA:24,1
DA:32,1
DA:33,560
DA:34,560
DA:35,560
DA:37,560
DA:38,560
DA:40,560
LF:18
LH:18
BRDA:32,0,0,560
BRF:1
BRH:1
end_of_record
TN:
SF:src\components\ui\Button.tsx
FN:30,Button
FNF:1
FNH:1
FNDA:244,Button
DA:6,1
DA:7,1
DA:8,1
DA:9,1
DA:10,1
DA:11,1
DA:12,1
DA:13,1
DA:14,1
DA:16,1
DA:17,1
DA:18,1
DA:19,1
DA:20,1
DA:21,1
DA:30,1
DA:31,244
DA:32,244
DA:33,244
DA:34,244
DA:35,244
DA:36,244
DA:37,244
DA:38,244
DA:39,244
DA:40,244
DA:41,244
DA:42,244
DA:46,244
DA:48,244
DA:50,244
DA:51,2
DA:52,2
DA:53,2
DA:54,2
DA:55,2
DA:57,2
DA:58,2
DA:59,2
DA:61,242
DA:63,244
DA:65,244
LF:42
LH:42
BRDA:30,0,0,244
BRDA:41,1,0,243
BRDA:50,2,0,2
BRDA:59,3,0,242
BRF:4
BRH:4
end_of_record
TN:
SF:src\components\ui\Card.tsx
FN:8,Card
FN:25,CardHeader
FNF:2
FNH:2
FNDA:1019,Card
FNDA:131,CardHeader
DA:8,1
DA:9,1019
DA:10,1019
DA:11,1019
DA:12,1019
DA:14,1019
DA:15,1019
DA:17,1019
DA:25,1
DA:26,131
DA:27,131
DA:28,131
DA:29,131
DA:30,131
DA:31,131
DA:32,131
DA:33,131
DA:35,131
LF:18
LH:18
BRDA:8,0,0,1019
BRDA:11,1,0,590
BRDA:11,2,0,429
BRDA:25,3,0,131
BRDA:30,4,0,87
BRF:5
BRH:5
end_of_record
TN:
SF:src\components\ui\EmptyState.tsx
FN:10,EmptyState
FNF:1
FNH:1
FNDA:14,EmptyState
DA:10,1
DA:11,14
DA:12,14
DA:13,14
DA:14,3
DA:16,14
DA:17,14
DA:18,3
DA:20,14
DA:21,14
DA:23,14
LF:11
LH:11
BRDA:10,0,0,14
BRDA:13,1,0,3
BRDA:17,2,0,3
BRF:3
BRH:3
end_of_record
TN:
SF:src\components\ui\Input.tsx
FN:8,Input
FN:40,Select
FNF:2
FNH:2
FNDA:9,Input
FNDA:7,Select
DA:8,1
DA:9,9
DA:10,9
DA:11,9
DA:12,9
DA:13,2
DA:14,2
DA:15,2
DA:17,9
DA:18,9
DA:19,9
DA:24,9
DA:25,9
DA:27,9
DA:28,9
DA:29,9
DA:30,9
DA:32,9
DA:40,1
DA:41,7
DA:42,7
DA:43,7
DA:44,7
DA:45,2
DA:46,2
DA:47,2
DA:49,7
DA:50,7
DA:51,7
DA:55,7
DA:56,7
DA:58,7
DA:60,7
DA:61,7
DA:62,7
DA:63,7
DA:65,7
LF:37
LH:37
BRDA:8,0,0,9
BRDA:9,1,0,8
BRDA:9,2,0,1
BRDA:12,3,0,2
BRDA:24,4,0,2
BRDA:24,5,0,7
BRDA:29,6,0,2
BRDA:40,7,0,7
BRDA:41,8,0,6
BRDA:41,9,0,1
BRDA:44,10,0,2
BRDA:55,11,0,1
BRDA:55,12,0,6
BRDA:62,13,0,1
BRF:14
BRH:14
end_of_record
TN:
SF:src\components\ui\Spinner.tsx
FN:12,Spinner
FNF:1
FNH:1
FNDA:7,Spinner
DA:6,1
DA:7,1
DA:8,1
DA:9,1
DA:10,1
DA:12,1
DA:13,7
DA:14,7
DA:15,7
DA:16,7
DA:17,7
DA:18,7
DA:20,7
DA:21,7
DA:22,7
DA:23,7
DA:24,7
DA:25,7
DA:26,7
DA:27,7
DA:28,7
DA:29,7
DA:30,7
DA:31,7
DA:32,7
DA:33,7
DA:36,7
DA:37,2
DA:38,2
DA:39,2
DA:40,2
DA:42,2
DA:44,5
DA:45,5
LF:34
LH:34
BRDA:12,0,0,7
BRDA:36,1,0,2
BRDA:42,2,0,5
BRF:3
BRH:3
end_of_record
TN:
SF:src\data\mock.ts
FNF:0
FNH:0
DA:24,1
DA:25,1
DA:26,1
DA:27,1
DA:28,1
DA:29,1
DA:30,1
DA:34,1
DA:35,1
DA:36,1
DA:37,1
DA:38,1
DA:39,1
DA:40,1
DA:41,1
DA:42,1
DA:43,1
DA:44,1
DA:45,1
DA:46,1
DA:47,1
DA:48,1
DA:49,1
DA:50,1
DA:51,1
DA:55,1
DA:57,1
DA:58,1
DA:59,1
DA:60,1
DA:61,1
DA:62,1
DA:63,1
DA:64,1
DA:65,1
DA:66,1
DA:67,1
DA:68,1
DA:69,1
DA:70,1
DA:71,1
DA:72,1
DA:73,1
DA:74,1
DA:75,1
DA:76,1
DA:77,1
DA:78,1
DA:79,1
DA:80,1
DA:81,1
DA:82,1
DA:83,1
DA:84,1
DA:85,1
DA:86,1
DA:87,1
DA:88,1
DA:89,1
DA:90,1
DA:91,1
DA:92,1
DA:93,1
DA:94,1
DA:95,1
DA:96,1
DA:97,1
DA:98,1
DA:99,1
DA:100,1
DA:101,1
DA:102,1
DA:103,1
DA:104,1
DA:105,1
DA:106,1
DA:107,1
DA:108,1
DA:109,1
DA:110,1
DA:111,1
DA:112,1
DA:113,1
DA:114,1
DA:115,1
DA:116,1
DA:117,1
DA:118,1
DA:119,1
DA:120,1
DA:121,1
DA:122,1
DA:123,1
DA:124,1
DA:125,1
DA:126,1
DA:127,1
DA:128,1
DA:129,1
DA:130,1
DA:131,1
DA:132,1
DA:133,1
DA:134,1
DA:135,1
DA:136,1
DA:137,1
DA:138,1
DA:139,1
DA:140,1
DA:141,1
DA:142,1
DA:143,1
DA:144,1
DA:145,1
DA:146,1
DA:147,1
DA:148,1
DA:149,1
DA:150,1
DA:151,1
DA:152,1
DA:153,1
DA:154,1
DA:155,1
DA:157,1
DA:158,1
DA:159,1
DA:160,1
DA:161,1
DA:162,1
DA:163,1
DA:164,1
DA:165,1
DA:166,1
DA:167,1
DA:168,1
DA:169,1
DA:170,1
DA:171,1
DA:172,1
DA:173,1
DA:174,1
DA:175,1
DA:176,1
DA:177,1
DA:178,1
DA:179,1
DA:180,1
DA:181,1
DA:182,1
DA:183,1
DA:184,1
DA:185,1
DA:186,1
DA:187,1
DA:188,1
DA:189,1
DA:190,1
DA:191,1
DA:192,1
DA:193,1
DA:194,1
DA:195,1
DA:196,1
DA:197,1
DA:198,1
DA:199,1
DA:200,1
DA:201,1
DA:202,1
DA:203,1
DA:204,1
DA:205,1
DA:206,1
DA:207,1
DA:208,1
DA:209,1
DA:210,1
DA:211,1
DA:212,1
DA:213,1
DA:214,1
DA:215,1
DA:216,1
DA:217,1
DA:218,1
DA:219,1
DA:220,1
DA:221,1
DA:222,1
DA:223,1
DA:224,1
DA:225,1
DA:226,1
DA:227,1
DA:228,1
DA:229,1
DA:230,1
DA:231,1
DA:232,1
DA:233,1
DA:234,1
DA:235,1
DA:236,1
DA:237,1
DA:238,1
DA:239,1
DA:240,1
DA:241,1
DA:242,1
DA:243,1
DA:244,1
DA:246,1
DA:247,1
DA:248,1
DA:249,1
DA:250,1
DA:251,1
DA:252,1
DA:253,1
DA:254,1
DA:255,1
DA:256,1
DA:257,1
DA:259,1
DA:260,1
DA:261,1
DA:262,1
DA:263,1
DA:264,1
DA:265,1
DA:266,1
DA:267,1
DA:268,1
DA:269,1
DA:273,1
DA:274,1
DA:275,1
DA:276,1
DA:277,1
DA:278,1
DA:279,1
DA:280,1
DA:281,1
DA:282,1
DA:283,1
DA:284,1
DA:285,1
DA:286,1
DA:287,1
DA:288,1
DA:289,1
DA:290,1
DA:291,1
DA:292,1
DA:293,1
DA:294,1
DA:295,1
DA:296,1
DA:297,1
DA:298,1
DA:299,1
DA:300,1
DA:301,1
DA:302,1
DA:303,1
DA:304,1
DA:308,1
DA:309,1
DA:310,1
DA:311,1
DA:312,1
DA:313,1
DA:314,1
DA:315,1
DA:316,1
DA:317,1
DA:318,1
DA:319,1
DA:320,1
DA:321,1
DA:322,1
DA:323,1
DA:324,1
DA:325,1
DA:326,1
DA:327,1
DA:328,1
DA:329,1
DA:330,1
DA:331,1
DA:332,1
DA:333,1
DA:337,1
DA:338,1
DA:339,1
DA:340,1
DA:341,1
DA:342,1
DA:343,1
DA:344,1
DA:345,1
DA:346,1
DA:347,1
DA:348,1
DA:349,1
DA:350,1
DA:351,1
DA:352,1
DA:353,1
DA:354,1
DA:355,1
DA:356,1
DA:357,1
DA:358,1
DA:359,1
DA:360,1
DA:361,1
DA:362,1
DA:363,1
DA:364,1
DA:365,1
DA:366,1
DA:367,1
DA:368,1
DA:369,1
DA:370,1
DA:371,1
DA:372,1
DA:373,1
DA:374,1
DA:375,1
DA:376,1
DA:377,1
DA:378,1
DA:379,1
DA:380,1
DA:381,1
DA:382,1
DA:383,1
DA:384,1
DA:385,1
DA:386,1
DA:387,1
DA:388,1
DA:389,1
DA:390,1
DA:391,1
DA:392,1
DA:393,1
DA:394,1
DA:395,1
DA:396,1
DA:397,1
DA:398,1
DA:399,1
DA:400,1
DA:401,1
DA:402,1
DA:403,1
DA:404,1
DA:405,1
DA:406,1
DA:407,1
DA:408,1
DA:409,1
DA:410,1
DA:411,1
DA:412,1
DA:413,1
DA:414,1
DA:415,1
DA:416,1
DA:417,1
DA:418,1
DA:419,1
DA:420,1
DA:421,1
DA:422,1
DA:423,1
DA:424,1
DA:425,1
DA:426,1
DA:427,1
DA:428,1
DA:429,1
DA:430,1
DA:431,1
DA:432,1
DA:433,1
DA:434,1
DA:435,1
DA:436,1
DA:437,1
DA:438,1
DA:439,1
DA:443,1
DA:444,1
DA:445,1
DA:446,1
DA:447,1
DA:448,1
DA:449,1
DA:450,1
DA:451,1
DA:452,1
DA:453,1
DA:454,1
DA:455,1
DA:456,1
DA:457,1
DA:461,1
DA:462,1
DA:463,1
DA:464,1
DA:465,1
DA:466,1
DA:467,1
DA:468,1
DA:469,1
DA:470,1
DA:471,1
DA:472,1
DA:473,1
DA:474,1
DA:475,1
DA:476,1
DA:477,1
DA:478,1
DA:479,1
DA:480,1
DA:481,1
DA:482,1
DA:483,1
DA:484,1
DA:485,1
DA:486,1
DA:487,1
DA:488,1
DA:489,1
DA:490,1
DA:491,1
DA:492,1
DA:493,1
DA:494,1
DA:495,1
DA:496,1
DA:497,1
DA:498,1
DA:499,1
DA:500,1
DA:501,1
DA:502,1
DA:503,1
DA:504,1
DA:505,1
DA:506,1
DA:507,1
DA:508,1
DA:509,1
DA:510,1
DA:511,1
DA:512,1
DA:513,1
DA:514,1
DA:515,1
DA:516,1
DA:517,1
DA:518,1
DA:519,1
DA:520,1
DA:521,1
DA:522,1
DA:523,1
DA:527,1
DA:528,1
DA:529,1
DA:530,1
DA:531,1
DA:532,1
DA:533,1
DA:534,1
DA:535,1
DA:536,1
DA:537,1
DA:538,1
DA:539,1
DA:540,1
DA:541,1
DA:542,1
DA:543,1
DA:544,1
DA:545,1
DA:546,1
DA:547,1
DA:548,1
DA:549,1
DA:550,1
DA:551,1
DA:552,1
DA:553,1
DA:554,1
DA:555,1
DA:556,1
DA:557,1
DA:558,1
DA:559,1
DA:560,1
DA:561,1
DA:562,1
DA:563,1
DA:564,1
DA:565,1
DA:566,1
DA:567,1
DA:568,1
DA:572,1
DA:573,1
DA:574,1
DA:575,1
DA:576,1
DA:577,1
DA:578,1
DA:579,1
DA:580,1
DA:581,1
DA:582,1
DA:583,1
DA:584,1
DA:585,1
DA:586,1
DA:587,1
DA:588,1
DA:589,1
DA:593,1
DA:594,1
DA:595,1
DA:596,1
DA:597,1
DA:598,1
DA:599,1
DA:600,1
DA:601,1
DA:602,1
DA:603,1
DA:604,1
DA:605,1
DA:606,1
DA:607,1
DA:608,1
DA:609,1
DA:610,1
DA:611,1
DA:612,1
DA:616,1
DA:617,1
DA:618,1
DA:619,1
DA:620,1
DA:621,1
DA:622,1
DA:623,1
DA:627,1
DA:628,1
DA:629,1
DA:630,1
DA:631,1
DA:632,1
DA:633,1
DA:634,1
DA:635,1
DA:636,1
DA:637,1
DA:638,1
DA:639,1
DA:640,1
DA:641,1
DA:642,1
DA:643,1
DA:644,1
DA:645,1
DA:646,1
DA:647,1
DA:648,1
DA:649,1
DA:650,1
DA:651,1
DA:652,1
DA:653,1
DA:654,1
DA:655,1
DA:656,1
DA:660,1
DA:661,1
DA:662,1
DA:663,1
DA:664,1
DA:665,1
DA:666,1
DA:667,1
DA:668,1
DA:669,1
DA:670,1
DA:671,1
DA:672,1
DA:673,1
DA:674,1
DA:675,1
DA:676,1
DA:677,1
DA:678,1
DA:679,1
DA:680,1
DA:681,1
DA:682,1
DA:683,1
DA:684,1
DA:685,1
DA:686,1
DA:687,1
DA:688,1
DA:689,1
DA:690,1
DA:691,1
DA:692,1
DA:693,1
DA:694,1
DA:696,1
DA:697,1
DA:698,1
DA:699,1
DA:700,1
DA:701,1
DA:702,1
DA:703,1
DA:704,1
DA:705,1
DA:706,1
DA:707,1
DA:708,1
DA:709,1
DA:710,1
DA:711,1
DA:712,1
DA:713,1
DA:714,1
DA:715,1
DA:716,1
DA:717,1
DA:718,1
DA:719,1
DA:720,1
DA:721,1
DA:722,1
DA:723,1
DA:724,1
DA:728,1
DA:729,1
DA:730,1
DA:731,1
DA:732,1
DA:733,1
DA:734,1
DA:735,1
DA:736,1
DA:737,1
DA:738,1
DA:739,1
DA:741,1
DA:742,1
DA:743,1
DA:744,1
DA:745,1
DA:746,1
DA:747,1
DA:748,1
DA:749,1
DA:750,1
DA:751,1
DA:752,1
DA:756,1
DA:757,1
DA:758,1
DA:759,1
DA:760,1
DA:761,1
DA:762,1
DA:763,1
DA:764,1
DA:765,1
DA:766,1
DA:767,1
DA:768,1
DA:769,1
DA:770,1
DA:771,1
DA:772,1
DA:773,1
DA:774,1
DA:775,1
DA:776,1
DA:777,1
DA:778,1
LF:704
LH:704
BRF:0
BRH:0
end_of_record
TN:
SF:src\pages\DashboardPage.tsx
FNF:0
FNH:0
DA:3,1
DA:4,1
DA:5,1
DA:6,1
DA:13,1
DA:15,1
DA:17,1
DA:18,1
DA:19,1
DA:20,1
DA:21,1
DA:22,1
DA:23,1
DA:25,1
DA:26,1
DA:27,1
DA:28,1
DA:29,1
DA:30,1
DA:32,1
DA:33,1
DA:34,1
DA:36,1
DA:37,1
DA:39,1
DA:40,1
DA:41,1
DA:42,1
DA:45,1
DA:46,1
DA:47,1
DA:48,1
DA:49,1
DA:50,1
DA:51,1
DA:52,1
DA:53,1
DA:54,1
DA:55,1
DA:56,1
DA:57,1
DA:58,1
DA:59,1
DA:60,1
DA:61,1
DA:62,1
DA:65,1
DA:66,1
DA:67,1
DA:68,1
DA:69,17
DA:71,17
DA:72,17
DA:74,17
DA:75,17
DA:76,17
DA:77,17
DA:78,17
DA:79,17
DA:80,17
DA:81,17
DA:82,17
DA:83,17
DA:84,17
DA:85,17
DA:86,17
DA:87,17
DA:88,17
DA:89,17
DA:90,17
DA:91,17
DA:92,17
DA:93,17
DA:94,17
DA:95,17
DA:96,17
DA:98,17
DA:99,17
DA:100,17
DA:104,17
DA:105,17
DA:106,17
DA:107,1
DA:108,17
DA:110,17
DA:111,17
DA:113,17
DA:114,17
DA:115,17
DA:116,17
DA:117,17
DA:118,17
DA:119,17
DA:120,17
DA:121,17
DA:122,17
DA:123,17
DA:124,1
DA:125,1
DA:126,17
DA:127,17
DA:128,17
DA:129,17
DA:130,17
DA:131,17
DA:133,17
DA:134,17
DA:135,17
DA:137,17
DA:138,17
DA:139,17
DA:143,17
DA:144,17
DA:145,1
DA:146,1
DA:148,1
DA:149,1
DA:151,1
DA:152,1
DA:153,1
DA:154,1
DA:155,1
DA:156,1
DA:157,1
DA:158,1
DA:159,1
DA:160,1
DA:161,1
DA:162,1
DA:163,1
DA:164,1
DA:165,1
DA:166,1
DA:167,1
DA:168,1
DA:169,1
DA:170,1
DA:172,1
DA:173,1
DA:174,1
DA:177,1
DA:178,1
DA:179,1
DA:180,1
DA:181,17
DA:182,17
DA:183,17
DA:184,17
DA:185,17
DA:186,17
DA:187,17
DA:188,17
DA:189,17
DA:190,17
DA:191,17
DA:192,17
DA:196,17
DA:197,17
DA:198,1
DA:199,1
DA:200,1
DA:202,1
DA:203,1
DA:205,1
DA:206,1
DA:207,1
DA:208,1
DA:209,1
DA:210,1
DA:211,1
DA:212,1
DA:213,1
DA:214,1
DA:215,1
DA:216,1
DA:217,1
DA:218,1
DA:219,1
DA:221,1
DA:223,1
LF:180
LH:180
BRDA:2,0,0,1
BRDA:2,1,0,1
BRDA:68,2,0,17
BRDA:107,3,0,17
BRDA:180,4,0,17
BRDA:185,5,0,16
BRDA:185,6,0,1
BRDA:34,7,0,92
BRDA:37,8,0,92
BRDA:37,9,0,77
BRDA:39,10,0,49
BRDA:51,11,0,343
BRDA:84,12,0,46
BRDA:84,13,0,1
BRDA:87,14,0,46
BRDA:81,15,0,63
BRDA:123,16,0,1
BRDA:127,17,0,31
BRDA:120,18,0,48
BRDA:160,19,0,686
BRDA:160,20,0,684
BRDA:198,21,0,18
BRDA:210,22,0,34
BRF:23
BRH:23
end_of_record
TN:
SF:src\pages\LineupPage.tsx
FN:15,LineupPage
FN:47,changeFormation
FN:53,handleSlotClick
FN:57,assignPlayer
FN:72,removeFromSlot
FN:79,toggleSubstitute
FN:87,saveLineup
FN:102,loadLineup
FN:130,onChange
FN:142,onClick
FN:178,onClick
FN:218,onClick
FN:229,onClick
FN:253,onClick
FN:276,onClick
FNF:15
FNH:15
FNDA:45,LineupPage
FNDA:1,changeFormation
FNDA:8,handleSlotClick
FNDA:1,assignPlayer
FNDA:1,removeFromSlot
FNDA:2,toggleSubstitute
FNDA:1,saveLineup
FNDA:7,loadLineup
FNDA:1,onChange
FNDA:1,onClick
FNDA:8,onClick
FNDA:1,onClick
FNDA:1,onClick
FNDA:2,onClick
FNDA:7,onClick
DA:1,1
DA:2,1
DA:3,1
DA:4,1
DA:5,1
DA:6,1
DA:7,1
DA:13,1
DA:15,45
DA:16,45
DA:17,45
DA:18,45
DA:20,45
DA:21,45
DA:22,45
DA:23,45
DA:24,45
DA:25,45
DA:26,45
DA:28,45
DA:29,45
DA:30,45
DA:31,45
DA:33,45
DA:34,45
DA:35,45
DA:36,45
DA:37,45
DA:38,45
DA:39,45
DA:40,45
DA:41,45
DA:42,45
DA:43,45
DA:45,45
DA:47,45
DA:48,1
DA:49,1
DA:50,1
DA:51,1
DA:53,45
DA:54,8
DA:55,8
DA:57,45
DA:60,1
DA:61,1
DA:62,8
DA:65,7
DA:66,1
DA:67,1
DA:68,1
DA:69,1
DA:70,1
DA:72,45
DA:73,1
DA:74,1
DA:75,1
DA:76,1
DA:77,1
DA:79,45
DA:82,2
DA:83,2
DA:84,2
DA:85,2
DA:87,45
DA:88,1
DA:89,1
DA:90,1
DA:91,1
DA:92,1
DA:93,1
DA:94,1
DA:95,1
DA:96,1
DA:97,1
DA:98,1
DA:99,1
DA:100,1
DA:102,45
DA:103,7
DA:106,7
DA:107,7
DA:108,7
DA:109,7
DA:110,7
DA:112,45
DA:113,45
DA:114,45
DA:116,45
DA:117,45
DA:118,45
DA:119,45
DA:120,45
DA:121,45
DA:123,45
DA:124,45
DA:127,45
DA:128,45
DA:129,45
DA:130,45
DA:131,45
DA:133,45
DA:134,90
DA:135,45
DA:136,45
DA:138,45
DA:139,45
DA:140,180
DA:141,180
DA:142,180
DA:143,180
DA:144,180
DA:145,45
DA:146,135
DA:147,180
DA:149,180
DA:150,180
DA:151,45
DA:152,45
DA:153,45
DA:156,45
DA:158,45
DA:159,45
DA:160,45
DA:161,45
DA:163,45
DA:165,45
DA:167,45
DA:170,45
DA:171,353
DA:172,353
DA:173,353
DA:175,353
DA:176,353
DA:177,353
DA:178,353
DA:179,353
DA:180,353
DA:181,353
DA:182,353
DA:184,353
DA:185,353
DA:186,353
DA:187,57
DA:188,7
DA:189,50
DA:190,296
DA:191,5
DA:192,291
DA:193,353
DA:195,353
DA:196,57
DA:197,296
DA:198,353
DA:199,353
DA:200,57
DA:201,57
DA:202,57
DA:204,353
DA:206,45
DA:207,45
DA:210,45
DA:211,7
DA:212,7
DA:213,7
DA:214,7
DA:215,7
DA:216,7
DA:217,2
DA:218,2
DA:219,2
DA:220,2
DA:222,2
DA:224,7
DA:225,7
DA:226,7
DA:227,63
DA:228,63
DA:229,63
DA:230,63
DA:231,63
DA:232,63
DA:233,5
DA:234,58
DA:235,63
DA:237,63
DA:238,63
DA:239,63
DA:240,7
DA:241,7
DA:242,7
DA:246,45
DA:247,45
DA:248,45
DA:249,45
DA:250,45
DA:251,434
DA:252,434
DA:253,434
DA:254,434
DA:255,434
DA:256,8
DA:257,426
DA:258,434
DA:260,434
DA:261,434
DA:262,434
DA:263,45
DA:264,45
DA:265,45
DA:269,45
DA:270,43
DA:271,43
DA:272,43
DA:273,43
DA:274,46
DA:275,46
DA:276,46
DA:277,46
DA:279,46
DA:280,46
DA:281,46
DA:282,43
DA:283,43
DA:284,43
DA:286,45
DA:288,45
LF:227
LH:227
BRDA:15,0,0,45
BRDA:21,1,0,44
BRDA:210,2,0,7
BRDA:213,3,0,1
BRDA:216,4,0,2
BRDA:269,5,0,43
BRDA:24,6,0,360
BRDA:34,7,0,45
BRDA:37,8,0,45
BRDA:39,9,0,190
BRDA:41,10,0,43
BRDA:45,11,0,353
BRDA:47,12,0,1
BRDA:49,13,0,8
BRDA:53,14,0,8
BRDA:54,15,0,1
BRDA:54,16,0,7
BRDA:57,17,0,1
BRDA:59,18,0,1
BRDA:60,19,0,1
BRDA:61,20,0,8
BRDA:62,21,0,1
BRDA:62,22,0,7
BRDA:64,23,0,1
BRDA:64,24,0,1
BRDA:68,25,0,1
BRDA:72,26,0,1
BRDA:73,27,0,1
BRDA:74,28,0,8
BRDA:74,29,0,1
BRDA:74,30,0,7
BRDA:79,31,0,2
BRDA:81,32,0,1
BRDA:82,33,0,2
BRDA:83,34,0,1
BRDA:83,35,0,1
BRDA:83,36,0,1
BRDA:87,37,0,1
BRDA:102,38,0,7
BRDA:105,39,0,1
BRDA:106,40,0,1
BRDA:103,41,0,8
BRDA:106,42,0,10
BRDA:113,43,0,491
BRDA:130,44,0,1
BRDA:133,45,0,90
BRDA:139,46,0,180
BRDA:144,47,0,45
BRDA:145,48,0,135
BRDA:142,49,0,1
BRDA:170,50,0,353
BRDA:172,51,0,57
BRDA:172,52,0,296
BRDA:181,53,0,7
BRDA:181,54,0,346
BRDA:186,55,0,57
BRDA:187,56,0,7
BRDA:188,57,0,50
BRDA:189,58,0,296
BRDA:190,59,0,5
BRDA:191,60,0,291
BRDA:195,61,0,57
BRDA:196,62,0,1
BRDA:196,63,0,296
BRDA:199,64,0,57
BRDA:171,65,0,3494
BRDA:178,66,0,8
BRDA:216,67,0,7
BRDA:218,68,0,1
BRDA:225,69,0,77
BRDA:225,70,0,16
BRDA:225,71,0,16
BRDA:226,72,0,63
BRDA:232,73,0,5
BRDA:233,74,0,58
BRDA:238,75,0,5
BRDA:229,76,0,1
BRDA:250,77,0,434
BRDA:255,78,0,8
BRDA:256,79,0,426
BRDA:261,80,0,36
BRDA:253,81,0,2
BRDA:273,82,0,46
BRDA:276,83,0,7
BRF:84
BRH:84
end_of_record
TN:
SF:src\pages\MatchDetailPage.tsx
FN:36,MatchDetailPage
FNF:1
FNH:1
FNDA:19,MatchDetailPage
DA:1,1
DA:2,1
DA:3,1
DA:4,1
DA:5,1
DA:6,1
DA:13,1
DA:20,1
DA:22,1
DA:23,1
DA:24,1
DA:25,1
DA:26,1
DA:27,1
DA:28,1
DA:30,1
DA:31,1
DA:32,1
DA:33,1
DA:34,1
DA:36,19
DA:37,19
DA:38,19
DA:39,19
DA:40,19
DA:41,19
DA:42,19
DA:44,19
DA:45,1
DA:46,1
DA:47,1
DA:48,1
DA:50,1
DA:52,19
DA:54,19
DA:55,19
DA:57,19
DA:58,19
DA:59,19
DA:60,19
DA:61,1
DA:62,1
DA:63,1
DA:65,19
DA:66,19
DA:67,19
DA:68,19
DA:69,19
DA:70,19
DA:73,19
DA:74,12
DA:75,12
DA:76,12
DA:77,12
DA:78,12
DA:79,12
DA:80,12
DA:81,12
DA:82,12
DA:83,12
DA:87,19
DA:88,19
DA:89,19
DA:90,19
DA:91,19
DA:92,19
DA:93,19
DA:94,19
DA:95,19
DA:96,19
DA:97,19
DA:98,19
DA:99,19
DA:100,19
DA:101,14
DA:102,14
DA:103,14
DA:104,14
DA:105,14
DA:106,14
DA:108,14
DA:109,7
DA:111,14
DA:112,14
DA:114,19
DA:115,19
DA:118,19
DA:119,6
DA:120,6
DA:121,6
DA:122,6
DA:123,6
DA:124,6
DA:125,6
DA:126,6
DA:127,6
DA:128,6
DA:129,6
DA:130,6
DA:134,19
DA:135,10
DA:136,10
DA:137,10
DA:138,10
DA:139,55
DA:140,55
DA:141,55
DA:142,55
DA:143,55
DA:144,55
DA:145,55
DA:146,55
DA:147,22
DA:148,19
DA:149,12
DA:150,9
DA:151,6
DA:152,55
DA:153,55
DA:154,55
DA:155,55
DA:156,52
DA:157,52
DA:158,52
DA:160,55
DA:161,55
DA:163,10
DA:164,10
DA:165,10
DA:169,19
DA:170,7
DA:171,7
DA:172,7
DA:173,7
DA:174,57
DA:176,57
DA:177,56
DA:178,56
DA:179,56
DA:180,56
DA:181,56
DA:182,56
DA:183,56
DA:185,7
DA:186,7
DA:187,7
DA:189,19
DA:191,19
LF:148
LH:148
BRDA:36,0,0,19
BRDA:40,1,0,18
BRDA:40,2,0,1
BRDA:41,3,0,18
BRDA:44,4,0,1
BRDA:50,5,0,18
BRDA:52,6,0,12
BRDA:60,7,0,1
BRDA:67,8,0,10
BRDA:67,9,0,8
BRDA:69,10,0,16
BRDA:73,11,0,12
BRDA:76,12,0,4
BRDA:76,13,0,8
BRDA:78,14,0,4
BRDA:78,15,0,8
BRDA:81,16,0,4
BRDA:81,17,0,3
BRDA:81,18,0,1
BRDA:81,19,0,8
BRDA:81,20,0,4
BRDA:81,21,0,8
BRDA:81,22,0,7
BRDA:81,23,0,1
BRDA:97,24,0,18
BRDA:100,25,0,14
BRDA:108,26,0,7
BRDA:118,27,0,6
BRDA:134,28,0,10
BRDA:169,29,0,7
BRDA:138,30,0,55
BRDA:143,31,0,48
BRDA:143,32,0,7
BRDA:146,33,0,33
BRDA:146,34,0,22
BRDA:147,35,0,3
BRDA:147,36,0,19
BRDA:148,37,0,7
BRDA:148,38,0,12
BRDA:149,39,0,3
BRDA:149,40,0,9
BRDA:150,41,0,3
BRDA:150,42,0,6
BRDA:151,43,0,3
BRDA:151,44,0,3
BRDA:155,45,0,52
BRDA:139,46,0,334
BRDA:173,47,0,57
BRDA:176,48,0,1
BRDA:176,49,0,56
BRDA:174,50,0,263
BRF:51
BRH:51
end_of_record
TN:
SF:src\pages\MatchLivePage.tsx
FN:25,MatchLivePage
FN:48,toggleLive
FN:53,addEvent
FN:113,onClick
FN:120,onClick
FN:139,onClick
FN:146,onClick
FN:166,onChange
FN:179,onClick
FN:200,onClick
FN:223,onClick
FNF:11
FNH:11
FNDA:55,MatchLivePage
FNDA:1,toggleLive
FNDA:6,addEvent
FNDA:1,onClick
FNDA:1,onClick
FNDA:1,onClick
FNDA:1,onClick
FNDA:1,onChange
FNDA:13,onClick
FNDA:3,onClick
FNDA:1,onClick
DA:1,1
DA:2,1
DA:3,1
DA:4,1
DA:5,1
DA:6,1
DA:7,1
DA:14,1
DA:16,1
DA:17,1
DA:18,1
DA:19,1
DA:20,1
DA:21,1
DA:22,1
DA:23,1
DA:25,55
DA:26,55
DA:27,55
DA:28,55
DA:29,55
DA:30,55
DA:31,55
DA:33,55
DA:34,55
DA:35,55
DA:36,55
DA:37,55
DA:38,55
DA:40,55
DA:41,1
DA:42,1
DA:43,1
DA:44,1
DA:46,1
DA:48,54
DA:49,1
DA:50,1
DA:51,1
DA:53,54
DA:56,6
DA:57,6
DA:58,6
DA:59,6
DA:60,6
DA:61,6
DA:62,6
DA:63,6
DA:64,6
DA:65,6
DA:67,6
DA:68,2
DA:69,2
DA:70,2
DA:71,2
DA:72,2
DA:73,6
DA:74,2
DA:75,2
DA:76,2
DA:77,2
DA:78,2
DA:79,2
DA:81,6
DA:82,6
DA:83,6
DA:85,55
DA:86,55
DA:88,55
DA:89,55
DA:91,55
DA:92,55
DA:93,55
DA:94,55
DA:95,55
DA:96,55
DA:97,55
DA:98,55
DA:99,55
DA:101,55
DA:102,55
DA:103,55
DA:104,55
DA:107,55
DA:108,55
DA:109,55
DA:110,55
DA:111,55
DA:112,55
DA:113,55
DA:114,55
DA:116,55
DA:117,55
DA:118,55
DA:119,55
DA:120,55
DA:121,1
DA:122,1
DA:123,1
DA:124,1
DA:125,55
DA:127,55
DA:128,55
DA:129,55
DA:130,55
DA:131,55
DA:132,55
DA:133,55
DA:134,55
DA:135,55
DA:136,55
DA:137,55
DA:138,55
DA:139,55
DA:140,55
DA:142,55
DA:143,55
DA:144,55
DA:145,55
DA:146,55
DA:147,1
DA:148,1
DA:149,1
DA:150,1
DA:151,55
DA:153,55
DA:154,55
DA:155,55
DA:156,55
DA:157,55
DA:159,55
DA:160,55
DA:161,55
DA:162,55
DA:163,55
DA:164,55
DA:165,55
DA:166,55
DA:167,55
DA:168,55
DA:169,55
DA:170,55
DA:173,55
DA:174,55
DA:175,55
DA:176,55
DA:177,324
DA:178,324
DA:179,324
DA:180,324
DA:181,324
DA:182,15
DA:183,309
DA:184,324
DA:186,324
DA:187,324
DA:188,324
DA:189,55
DA:190,55
DA:193,55
DA:194,13
DA:195,13
DA:196,13
DA:197,13
DA:198,143
DA:199,143
DA:200,143
DA:201,143
DA:202,143
DA:203,2
DA:204,141
DA:205,143
DA:207,143
DA:208,143
DA:209,13
DA:210,13
DA:211,13
DA:214,55
DA:215,15
DA:216,15
DA:217,15
DA:218,15
DA:219,15
DA:220,15
DA:221,15
DA:222,15
DA:223,15
DA:225,15
DA:226,15
DA:227,15
DA:229,55
DA:232,55
DA:233,15
DA:234,15
DA:235,15
DA:236,15
DA:237,55
DA:238,55
DA:239,55
DA:240,55
DA:241,55
DA:242,55
DA:243,19
DA:244,8
DA:245,55
DA:246,55
DA:247,55
DA:248,49
DA:249,49
DA:250,49
DA:252,55
DA:254,15
DA:255,15
DA:256,15
DA:258,55
DA:260,55
LF:216
LH:216
BRDA:25,0,0,55
BRDA:29,1,0,54
BRDA:29,2,0,1
BRDA:30,3,0,54
BRDA:36,4,0,54
BRDA:36,5,0,40
BRDA:37,6,0,54
BRDA:37,7,0,40
BRDA:38,8,0,54
BRDA:38,9,0,1
BRDA:40,10,0,1
BRDA:46,11,0,54
BRDA:85,12,0,43
BRDA:85,13,0,42
BRDA:85,14,0,1
BRDA:85,15,0,11
BRDA:86,16,0,43
BRDA:86,17,0,11
BRDA:86,18,0,10
BRDA:86,19,0,1
BRDA:97,20,0,1
BRDA:97,21,0,53
BRDA:102,22,0,1
BRDA:102,23,0,53
BRDA:193,24,0,15
BRDA:193,25,0,13
BRDA:214,26,0,15
BRDA:232,27,0,15
BRDA:48,28,0,1
BRDA:50,29,0,1
BRDA:53,30,0,6
BRDA:55,31,0,1
BRDA:63,32,0,5
BRDA:67,33,0,2
BRDA:68,34,0,1
BRDA:68,35,0,1
BRDA:69,36,0,1
BRDA:69,37,0,1
BRDA:73,38,0,4
BRDA:73,39,0,2
BRDA:74,40,0,1
BRDA:74,41,0,1
BRDA:75,42,0,1
BRDA:75,43,0,1
BRDA:113,44,0,1
BRDA:113,45,0,1
BRDA:120,46,0,1
BRDA:139,47,0,1
BRDA:139,48,0,1
BRDA:146,49,0,1
BRDA:166,50,0,1
BRDA:176,51,0,324
BRDA:181,52,0,15
BRDA:182,53,0,309
BRDA:179,54,0,13
BRDA:179,55,0,1
BRDA:179,56,0,12
BRDA:197,57,0,143
BRDA:202,58,0,2
BRDA:203,59,0,141
BRDA:200,60,0,3
BRDA:200,61,0,1
BRDA:200,62,0,2
BRDA:223,63,0,1
BRDA:236,64,0,55
BRDA:242,65,0,36
BRDA:242,66,0,19
BRDA:243,67,0,11
BRDA:243,68,0,8
BRDA:244,69,0,1
BRDA:244,70,0,7
BRDA:247,71,0,49
BRDA:237,72,0,336
BRF:73
BRH:73
end_of_record
TN:
SF:src\pages\MatchesPage.tsx
FN:17,MatchesPage
FN:39,onClick
FN:53,onClick
FN:65,onClick
FNF:4
FNH:4
FNDA:18,MatchesPage
FNDA:4,onClick
FNDA:1,onClick
FNDA:2,onClick
DA:1,1
DA:2,1
DA:3,1
DA:4,1
DA:5,1
DA:6,1
DA:7,1
DA:9,1
DA:10,1
DA:11,1
DA:12,1
DA:13,1
DA:14,1
DA:15,1
DA:17,18
DA:18,18
DA:19,18
DA:20,18
DA:21,18
DA:23,18
DA:24,102
DA:25,102
DA:26,102
DA:27,80
DA:28,18
DA:30,18
DA:31,18
DA:32,18
DA:35,18
DA:36,18
DA:37,54
DA:38,54
DA:39,54
DA:40,54
DA:41,54
DA:42,18
DA:43,36
DA:44,54
DA:46,54
DA:47,54
DA:48,18
DA:50,18
DA:52,18
DA:53,18
DA:54,18
DA:55,18
DA:56,16
DA:57,2
DA:58,18
DA:59,18
DA:61,18
DA:62,18
DA:63,36
DA:64,36
DA:65,36
DA:66,36
DA:67,36
DA:68,2
DA:69,34
DA:70,36
DA:72,36
DA:73,36
DA:74,18
DA:75,18
DA:78,18
DA:79,18
DA:80,1
DA:82,18
DA:83,89
DA:84,89
DA:85,89
DA:86,89
DA:87,89
DA:88,89
DA:89,89
DA:90,89
DA:91,89
DA:92,89
DA:93,89
DA:94,89
DA:95,89
DA:96,89
DA:97,89
DA:98,89
DA:99,89
DA:100,89
DA:101,89
DA:102,89
DA:103,89
DA:104,89
DA:105,89
DA:106,89
DA:107,89
DA:108,89
DA:109,89
DA:110,43
DA:111,43
DA:112,43
DA:113,43
DA:114,43
DA:116,89
DA:117,89
DA:118,89
DA:119,89
DA:120,89
DA:122,18
DA:123,18
DA:124,18
DA:126,18
LF:109
LH:109
BRDA:17,0,0,18
BRDA:55,1,0,16
BRDA:56,2,0,2
BRDA:79,3,0,1
BRDA:23,4,0,102
BRDA:24,5,0,12
BRDA:24,6,0,4
BRDA:24,7,0,98
BRDA:25,8,0,12
BRDA:25,9,0,86
BRDA:26,10,0,6
BRDA:26,11,0,80
BRDA:36,12,0,54
BRDA:41,13,0,18
BRDA:42,14,0,36
BRDA:46,15,0,18
BRDA:46,16,0,36
BRDA:46,17,0,18
BRDA:46,18,0,18
BRDA:39,19,0,4
BRDA:53,20,0,1
BRDA:62,21,0,36
BRDA:67,22,0,2
BRDA:68,23,0,34
BRDA:65,24,0,2
BRDA:82,25,0,89
BRDA:84,26,0,43
BRDA:96,27,0,61
BRDA:96,28,0,28
BRDA:109,29,0,43
BRDA:111,30,0,15
BRDA:111,31,0,28
BRDA:113,32,0,15
BRDA:113,33,0,28
BRDA:83,34,0,116
BRF:35
BRH:35
end_of_record
TN:
SF:src\pages\PlayerDetailPage.tsx
FN:23,PlayerDetailPage
FNF:1
FNH:1
FNDA:12,PlayerDetailPage
DA:1,1
DA:2,1
DA:3,1
DA:4,1
DA:5,1
DA:6,1
DA:16,1
DA:21,1
DA:23,12
DA:24,12
DA:25,12
DA:26,12
DA:27,12
DA:28,12
DA:29,12
DA:30,12
DA:34,12
DA:35,1
DA:36,1
DA:37,1
DA:38,1
DA:40,1
DA:42,11
DA:43,11
DA:44,2
DA:45,11
DA:47,11
DA:48,11
DA:49,11
DA:51,11
DA:52,11
DA:54,11
DA:55,11
DA:56,11
DA:57,11
DA:58,11
DA:59,11
DA:60,11
DA:61,11
DA:62,11
DA:63,11
DA:64,11
DA:65,11
DA:66,10
DA:68,12
DA:69,12
DA:70,12
DA:71,12
DA:72,12
DA:73,12
DA:74,12
DA:75,12
DA:76,12
DA:77,12
DA:80,12
DA:81,2
DA:82,2
DA:83,2
DA:84,2
DA:85,2
DA:86,2
DA:87,2
DA:88,2
DA:89,2
DA:90,2
DA:91,2
DA:92,2
DA:93,2
DA:95,2
DA:96,2
DA:97,2
DA:101,12
DA:102,2
DA:103,2
DA:104,2
DA:105,2
DA:106,2
DA:107,2
DA:108,2
DA:109,2
DA:110,2
DA:111,2
DA:112,2
DA:113,2
DA:114,2
DA:115,2
DA:117,2
DA:118,2
DA:119,2
DA:120,12
DA:123,12
DA:124,12
DA:125,12
DA:126,12
DA:127,12
DA:128,12
DA:129,12
DA:130,12
DA:131,12
DA:132,12
DA:133,12
DA:134,12
DA:135,12
DA:136,12
DA:137,12
DA:138,12
DA:139,12
DA:140,12
DA:141,12
DA:142,12
DA:143,12
DA:146,12
DA:147,11
DA:148,11
DA:149,11
DA:150,11
DA:151,27
DA:152,27
DA:153,27
DA:154,27
DA:155,27
DA:156,27
DA:157,27
DA:158,27
DA:159,27
DA:160,27
DA:161,27
DA:162,27
DA:163,11
DA:164,11
DA:165,11
DA:169,12
DA:170,2
DA:171,2
DA:172,2
DA:173,2
DA:174,5
DA:175,5
DA:176,5
DA:177,5
DA:178,5
DA:179,5
DA:180,5
DA:181,5
DA:182,5
DA:183,2
DA:184,2
DA:185,2
DA:187,12
DA:189,12
LF:150
LH:150
BRDA:23,0,0,12
BRDA:26,1,0,11
BRDA:26,2,0,1
BRDA:27,3,0,11
BRDA:27,4,0,11
BRDA:34,5,0,1
BRDA:40,6,0,11
BRDA:65,7,0,10
BRDA:73,8,0,11
BRDA:74,9,0,1
BRDA:80,10,0,2
BRDA:140,11,0,1
BRDA:146,12,0,11
BRDA:169,13,0,2
BRDA:43,14,0,2
BRDA:48,15,0,16
BRDA:101,16,0,2
BRDA:101,17,0,2
BRDA:150,18,0,27
BRDA:153,19,0,1
BRDA:173,20,0,5
BRF:21
BRH:21
end_of_record
TN:
SF:src\pages\SettingsPage.tsx
FN:7,SettingsPage
FN:11,resetData
FN:34,onClick
FNF:3
FNH:3
FNDA:15,SettingsPage
FNDA:2,resetData
FNDA:3,onClick
DA:1,1
DA:2,1
DA:3,1
DA:4,1
DA:5,1
DA:7,15
DA:8,15
DA:9,15
DA:11,15
DA:12,2
DA:13,1
DA:14,1
DA:15,2
DA:17,15
DA:18,15
DA:19,15
DA:20,15
DA:21,15
DA:23,15
DA:24,15
DA:25,15
DA:28,15
DA:29,15
DA:30,15
DA:31,15
DA:32,45
DA:33,45
DA:34,45
DA:35,45
DA:36,45
DA:37,15
DA:38,30
DA:39,45
DA:41,45
DA:42,45
DA:43,45
DA:44,15
DA:45,15
DA:46,15
DA:49,15
DA:50,15
DA:51,15
DA:52,15
DA:53,15
DA:54,15
DA:55,15
DA:56,15
DA:57,15
DA:58,15
DA:59,15
DA:60,15
DA:61,15
DA:62,15
DA:63,15
DA:64,15
DA:65,15
DA:66,15
DA:67,15
DA:68,15
DA:69,15
DA:70,15
DA:71,15
DA:72,15
DA:73,15
DA:76,15
DA:77,15
DA:78,15
DA:81,15
DA:82,15
DA:83,15
DA:85,15
DA:86,15
DA:89,15
DA:90,15
DA:91,15
DA:92,15
DA:93,15
DA:94,15
DA:95,15
DA:98,15
DA:99,15
DA:100,15
DA:101,15
DA:102,15
DA:104,15
LF:85
LH:85
BRDA:7,0,0,15
BRDA:11,1,0,2
BRDA:12,2,0,1
BRDA:31,3,0,45
BRDA:36,4,0,15
BRDA:37,5,0,30
BRDA:34,6,0,3
BRDA:70,7,0,285
BRF:8
BRH:8
end_of_record
TN:
SF:src\pages\SurveysPage.tsx
FN:24,SurveyCard
FN:43,respondForPlayer
FN:96,onClick
FN:132,onClick
FN:158,onClick
FN:183,SurveysPage
FN:197,onClick
FN:209,onClick
FNF:8
FNH:8
FNDA:86,SurveyCard
FNDA:4,respondForPlayer
FNDA:8,onClick
FNDA:3,onClick
FNDA:1,onClick
FNDA:31,SurveysPage
FNDA:1,onClick
FNDA:3,onClick
DA:1,1
DA:2,1
DA:3,1
DA:4,1
DA:5,1
DA:6,1
DA:7,1
DA:8,1
DA:17,1
DA:22,1
DA:24,86
DA:25,86
DA:26,86
DA:27,86
DA:28,86
DA:29,86
DA:30,86
DA:32,86
DA:33,86
DA:34,59
DA:35,27
DA:36,25
DA:37,2
DA:39,86
DA:40,86
DA:41,86
DA:43,86
DA:44,4
DA:45,4
DA:46,4
DA:47,4
DA:48,4
DA:49,4
DA:50,3
DA:51,3
DA:52,3
DA:53,3
DA:54,4
DA:55,1
DA:56,1
DA:57,1
DA:58,1
DA:59,1
DA:60,1
DA:61,1
DA:62,1
DA:63,1
DA:64,1
DA:65,1
DA:66,4
DA:68,86
DA:69,86
DA:70,86
DA:71,86
DA:72,86
DA:73,86
DA:74,86
DA:75,86
DA:76,86
DA:78,86
DA:81,86
DA:82,86
DA:83,86
DA:84,86
DA:85,86
DA:86,86
DA:87,86
DA:88,86
DA:89,86
DA:90,86
DA:91,86
DA:92,86
DA:93,86
DA:94,86
DA:96,86
DA:97,86
DA:98,86
DA:100,86
DA:101,11
DA:102,11
DA:103,121
DA:104,121
DA:105,121
DA:106,33
DA:107,22
DA:109,121
DA:110,121
DA:111,121
DA:112,121
DA:113,121
DA:114,121
DA:115,121
DA:116,13
DA:117,13
DA:118,13
DA:119,13
DA:121,121
DA:124,121
DA:125,121
DA:126,121
DA:127,121
DA:128,121
DA:129,121
DA:130,363
DA:131,363
DA:132,363
DA:133,363
DA:134,363
DA:135,33
DA:136,20
DA:137,13
DA:138,1
DA:139,12
DA:140,330
DA:141,363
DA:143,363
DA:144,363
DA:145,121
DA:146,121
DA:147,121
DA:150,121
DA:151,121
DA:153,121
DA:154,121
DA:155,121
DA:156,363
DA:157,363
DA:158,363
DA:159,363
DA:160,363
DA:161,23
DA:162,11
DA:163,12
DA:164,11
DA:165,1
DA:166,340
DA:167,363
DA:169,363
DA:170,363
DA:171,121
DA:172,121
DA:173,121
DA:174,121
DA:176,11
DA:177,11
DA:179,86
DA:181,86
DA:183,31
DA:184,31
DA:185,31
DA:186,31
DA:188,31
DA:190,31
DA:191,31
DA:192,31
DA:195,31
DA:196,31
DA:197,31
DA:198,31
DA:199,31
DA:200,28
DA:201,3
DA:202,31
DA:203,31
DA:205,31
DA:206,31
DA:207,62
DA:208,62
DA:209,62
DA:210,62
DA:211,62
DA:212,3
DA:213,59
DA:214,62
DA:216,62
DA:217,62
DA:218,31
DA:219,31
DA:221,31
DA:223,31
DA:225,31
DA:226,1
DA:227,1
DA:228,1
DA:229,1
DA:230,1
DA:232,30
DA:233,30
DA:234,78
DA:235,30
DA:236,30
DA:238,31
DA:240,31
LF:193
LH:193
BRDA:24,0,0,86
BRDA:27,1,0,1
BRDA:28,2,0,1
BRDA:33,3,0,61
BRDA:33,4,0,59
BRDA:34,5,0,27
BRDA:35,6,0,25
BRDA:35,7,0,25
BRDA:36,8,0,2
BRDA:74,9,0,84
BRDA:74,10,0,2
BRDA:74,11,0,1
BRDA:74,12,0,1
BRDA:75,13,0,84
BRDA:75,14,0,2
BRDA:75,15,0,1
BRDA:75,16,0,1
BRDA:97,17,0,11
BRDA:97,18,0,75
BRDA:100,19,0,11
BRDA:39,20,0,100
BRDA:40,21,0,100
BRDA:43,22,0,4
BRDA:49,23,0,3
BRDA:54,24,0,1
BRDA:48,25,0,6
BRDA:96,26,0,8
BRDA:96,27,0,8
BRDA:102,28,0,121
BRDA:105,29,0,34
BRDA:105,30,0,33
BRDA:106,31,0,22
BRDA:115,32,0,13
BRDA:103,33,0,338
BRDA:129,34,0,363
BRDA:134,35,0,102
BRDA:134,36,0,33
BRDA:135,37,0,20
BRDA:136,38,0,13
BRDA:137,39,0,1
BRDA:138,40,0,12
BRDA:139,41,0,330
BRDA:132,42,0,3
BRDA:155,43,0,363
BRDA:160,44,0,102
BRDA:160,45,0,23
BRDA:161,46,0,11
BRDA:162,47,0,12
BRDA:163,48,0,11
BRDA:164,49,0,1
BRDA:165,50,0,340
BRDA:158,51,0,1
BRDA:183,52,0,31
BRDA:188,53,0,28
BRDA:188,54,0,3
BRDA:199,55,0,28
BRDA:200,56,0,3
BRDA:225,57,0,1
BRDA:230,58,0,30
BRDA:197,59,0,1
BRDA:206,60,0,62
BRDA:211,61,0,3
BRDA:212,62,0,59
BRDA:209,63,0,3
BRDA:233,64,0,78
BRF:65
BRH:65
end_of_record
TN:
SF:src\pages\TeamDetailPage.tsx
FN:15,TeamDetailPage
FNF:1
FNH:1
FNDA:11,TeamDetailPage
DA:1,1
DA:2,1
DA:3,1
DA:4,1
DA:5,1
DA:12,1
DA:13,1
DA:15,11
DA:16,11
DA:17,11
DA:18,11
DA:19,11
DA:20,11
DA:21,11
DA:23,11
DA:24,1
DA:25,1
DA:26,1
DA:27,1
DA:29,1
DA:31,10
DA:32,10
DA:33,10
DA:35,10
DA:36,10
DA:38,10
DA:39,10
DA:40,10
DA:41,10
DA:43,10
DA:44,10
DA:45,10
DA:46,10
DA:47,10
DA:48,10
DA:49,10
DA:50,10
DA:51,10
DA:54,10
DA:55,10
DA:56,10
DA:57,10
DA:58,1
DA:60,9
DA:61,9
DA:62,99
DA:63,99
DA:64,99
DA:65,9
DA:66,99
DA:67,99
DA:69,99
DA:70,99
DA:71,99
DA:72,99
DA:73,99
DA:75,99
DA:76,99
DA:77,99
DA:78,99
DA:79,99
DA:80,99
DA:81,99
DA:82,99
DA:83,99
DA:84,99
DA:85,99
DA:86,9
DA:88,99
DA:89,99
DA:90,99
DA:91,99
DA:92,99
DA:93,99
DA:94,99
DA:95,99
DA:96,99
DA:98,9
DA:99,9
DA:101,11
DA:102,11
DA:105,11
DA:106,10
DA:107,10
DA:108,10
DA:109,10
DA:110,10
DA:111,10
DA:112,10
DA:113,19
DA:114,19
DA:115,19
DA:116,19
DA:117,19
DA:118,19
DA:119,19
DA:120,19
DA:121,19
DA:122,19
DA:123,10
DA:124,10
DA:125,10
DA:129,11
DA:130,10
DA:131,10
DA:132,10
DA:133,10
DA:134,10
DA:135,10
DA:136,10
DA:137,19
DA:138,19
DA:139,19
DA:140,19
DA:141,19
DA:142,19
DA:143,19
DA:144,19
DA:145,10
DA:146,10
DA:147,10
DA:151,11
DA:152,11
DA:153,11
DA:154,11
DA:155,11
DA:156,11
DA:157,11
DA:158,11
DA:159,11
DA:160,11
DA:161,11
DA:162,11
DA:163,11
DA:164,11
DA:165,11
DA:166,11
DA:168,11
LF:138
LH:138
BRDA:15,0,0,11
BRDA:23,1,0,1
BRDA:29,2,0,10
BRDA:57,3,0,1
BRDA:58,4,0,9
BRDA:105,5,0,10
BRDA:129,6,0,10
BRDA:31,7,0,37
BRDA:32,8,0,37
BRDA:61,9,0,99
BRDA:67,10,0,90
BRDA:77,11,0,9
BRDA:85,12,0,9
BRDA:91,13,0,9
BRDA:63,14,0,99
BRDA:64,15,0,9
BRDA:112,16,0,19
BRDA:116,17,0,18
BRDA:116,18,0,1
BRDA:136,19,0,19
BRDA:139,20,0,1
BRF:21
BRH:21
end_of_record
TN:
SF:src\pages\TeamsPage.tsx
FN:6,TeamsPage
FNF:1
FNH:1
FNDA:4,TeamsPage
DA:1,1
DA:2,1
DA:3,1
DA:4,1
DA:6,4
DA:7,4
DA:8,4
DA:10,4
DA:11,4
DA:12,4
DA:14,4
DA:15,4
DA:16,8
DA:17,8
DA:19,8
DA:20,8
DA:21,8
DA:22,8
DA:23,8
DA:24,8
DA:25,8
DA:27,8
DA:28,8
DA:29,8
DA:30,8
DA:31,8
DA:32,8
DA:33,8
DA:34,8
DA:35,8
DA:36,8
DA:37,8
DA:38,8
DA:39,8
DA:41,4
DA:42,4
DA:43,4
DA:45,4
LF:38
LH:38
BRDA:6,0,0,4
BRDA:15,1,0,8
BRDA:33,2,0,4
BRDA:16,3,0,152
BRDA:17,4,0,152
BRF:5
BRH:5
end_of_record
TN:
SF:src\pages\TournamentsPage.tsx
FN:21,TournamentsPage
FNF:1
FNH:1
FNDA:12,TournamentsPage
DA:1,1
DA:2,1
DA:3,1
DA:4,1
DA:5,1
DA:6,1
DA:7,1
DA:9,1
DA:10,1
DA:11,1
DA:12,1
DA:13,1
DA:15,1
DA:16,1
DA:17,1
DA:18,1
DA:19,1
DA:21,12
DA:22,12
DA:23,12
DA:25,12
DA:26,12
DA:27,12
DA:29,12
DA:30,1
DA:31,1
DA:32,1
DA:33,1
DA:34,1
DA:36,11
DA:37,11
DA:38,21
DA:39,42
DA:40,21
DA:42,21
DA:43,21
DA:44,21
DA:45,21
DA:46,21
DA:47,21
DA:48,21
DA:49,11
DA:51,21
DA:52,21
DA:53,21
DA:54,21
DA:55,21
DA:56,21
DA:58,21
DA:59,21
DA:60,21
DA:61,21
DA:62,21
DA:63,21
DA:64,10
DA:65,21
DA:66,21
DA:67,21
DA:68,21
DA:69,21
DA:70,21
DA:71,21
DA:73,21
DA:74,21
DA:75,21
DA:76,21
DA:77,21
DA:79,11
DA:80,11
DA:82,12
DA:84,12
LF:71
LH:71
BRDA:21,0,0,12
BRDA:29,1,0,1
BRDA:34,2,0,11
BRDA:37,3,0,21
BRDA:48,4,0,11
BRDA:63,5,0,10
BRDA:74,6,0,1
BRDA:38,7,0,42
BRDA:75,8,0,32
BRF:9
BRH:9
end_of_record
TN:
SF:src\pages\TrainingDetailPage.tsx
FN:28,TrainingDetailPage
FN:44,toggleAttendance
FN:127,onClick
FNF:3
FNH:3
FNDA:14,TrainingDetailPage
FNDA:4,toggleAttendance
FNDA:4,onClick
DA:1,1
DA:2,1
DA:3,1
DA:4,1
DA:5,1
DA:6,1
DA:13,1
DA:14,1
DA:16,1
DA:17,1
DA:18,1
DA:19,1
DA:20,1
DA:22,1
DA:23,1
DA:24,1
DA:25,1
DA:26,1
DA:28,14
DA:29,14
DA:30,14
DA:31,14
DA:32,14
DA:33,14
DA:34,14
DA:36,14
DA:37,1
DA:38,1
DA:39,1
DA:40,1
DA:42,1
DA:44,13
DA:45,4
DA:46,4
DA:47,4
DA:48,4
DA:49,4
DA:50,4
DA:51,4
DA:52,4
DA:53,4
DA:54,4
DA:55,4
DA:56,4
DA:57,4
DA:59,13
DA:60,13
DA:61,13
DA:63,13
DA:64,13
DA:66,13
DA:67,13
DA:68,14
DA:69,14
DA:70,14
DA:71,14
DA:72,14
DA:73,14
DA:74,14
DA:75,14
DA:78,14
DA:79,14
DA:80,14
DA:81,14
DA:82,14
DA:83,14
DA:84,14
DA:85,14
DA:86,14
DA:87,14
DA:88,14
DA:89,4
DA:90,4
DA:91,4
DA:93,14
DA:94,14
DA:97,14
DA:98,6
DA:99,6
DA:100,6
DA:101,6
DA:102,6
DA:103,6
DA:104,6
DA:105,6
DA:106,6
DA:107,6
DA:108,6
DA:109,6
DA:110,6
DA:111,6
DA:115,14
DA:116,14
DA:117,14
DA:118,14
DA:119,14
DA:120,14
DA:121,14
DA:122,139
DA:123,139
DA:124,139
DA:125,139
DA:126,139
DA:127,139
DA:128,139
DA:130,139
DA:131,139
DA:132,139
DA:133,139
DA:134,139
DA:135,139
DA:137,14
DA:138,14
DA:139,14
DA:140,14
DA:142,14
LF:116
LH:116
BRDA:28,0,0,14
BRDA:31,1,0,13
BRDA:31,2,0,1
BRDA:32,3,0,13
BRDA:36,4,0,1
BRDA:42,5,0,13
BRDA:68,6,0,2
BRDA:69,7,0,2
BRDA:72,8,0,2
BRDA:74,9,0,13
BRDA:88,10,0,4
BRDA:97,11,0,6
BRDA:44,12,0,4
BRDA:46,13,0,3
BRDA:46,14,0,1
BRDA:50,15,0,3
BRDA:50,16,0,1
BRDA:45,17,0,3
BRDA:59,18,0,27
BRDA:60,19,0,27
BRDA:61,20,0,27
BRDA:121,21,0,139
BRDA:123,22,0,27
BRDA:123,23,0,112
BRDA:122,24,0,213
BRDA:127,25,0,4
BRF:26
BRH:26
end_of_record
TN:
SF:src\pages\TrainingsPage.tsx
FN:9,TrainingsPage
FN:31,onClick
FN:45,onClick
FN:57,onClick
FNF:4
FNH:4
FNDA:20,TrainingsPage
FNDA:4,onClick
FNDA:1,onClick
FNDA:2,onClick
DA:1,1
DA:2,1
DA:3,1
DA:4,1
DA:5,1
DA:6,1
DA:7,1
DA:9,20
DA:10,20
DA:11,20
DA:12,20
DA:13,20
DA:15,20
DA:16,114
DA:17,114
DA:18,114
DA:19,92
DA:20,20
DA:22,20
DA:23,20
DA:24,20
DA:27,20
DA:28,20
DA:29,60
DA:30,60
DA:31,60
DA:32,60
DA:33,60
DA:34,20
DA:35,40
DA:36,60
DA:38,60
DA:39,60
DA:40,20
DA:42,20
DA:44,20
DA:45,20
DA:46,20
DA:47,20
DA:48,18
DA:49,2
DA:50,20
DA:51,20
DA:53,20
DA:54,20
DA:55,40
DA:56,40
DA:57,40
DA:58,40
DA:59,40
DA:60,2
DA:61,38
DA:62,40
DA:64,40
DA:65,40
DA:66,20
DA:67,20
DA:70,20
DA:71,20
DA:72,1
DA:74,20
DA:75,101
DA:76,101
DA:77,101
DA:78,101
DA:79,101
DA:80,101
DA:81,101
DA:82,101
DA:83,101
DA:84,101
DA:85,101
DA:86,101
DA:87,101
DA:88,101
DA:89,101
DA:90,101
DA:91,101
DA:92,101
DA:93,101
DA:94,101
DA:95,101
DA:96,101
DA:97,16
DA:99,101
DA:100,35
DA:102,101
DA:103,101
DA:104,101
DA:105,34
DA:106,34
DA:107,34
DA:109,101
DA:110,101
DA:111,101
DA:113,20
DA:114,20
DA:115,20
DA:117,20
LF:99
LH:99
BRDA:9,0,0,20
BRDA:47,1,0,18
BRDA:48,2,0,2
BRDA:71,3,0,1
BRDA:15,4,0,114
BRDA:16,5,0,12
BRDA:16,6,0,4
BRDA:16,7,0,110
BRDA:17,8,0,6
BRDA:17,9,0,104
BRDA:18,10,0,12
BRDA:18,11,0,92
BRDA:28,12,0,60
BRDA:33,13,0,20
BRDA:34,14,0,40
BRDA:38,15,0,20
BRDA:38,16,0,40
BRDA:38,17,0,20
BRDA:38,18,0,20
BRDA:31,19,0,4
BRDA:45,20,0,1
BRDA:54,21,0,40
BRDA:59,22,0,2
BRDA:60,23,0,38
BRDA:57,24,0,2
BRDA:74,25,0,101
BRDA:78,26,0,16
BRDA:78,27,0,85
BRDA:86,28,0,16
BRDA:96,29,0,16
BRDA:99,30,0,35
BRDA:99,31,0,35
BRDA:104,32,0,34
BRDA:75,33,0,132
BRF:34
BRH:34
end_of_record
TN:
SF:src\store\AppContext.tsx
FN:52,reducer
FN:162,loadState
FN:175,saveState
FN:192,AppProvider
FN:206,useAppContext
FN:214,useTeams
FN:219,useSelectedTeam
FN:224,useTeam
FN:229,usePlayers
FN:237,usePlayer
FN:242,useMatches
FN:251,useMatch
FN:256,useMatchEvents
FN:263,useTrainings
FN:272,useTraining
FN:277,useAttendances
FN:284,useLineups
FN:289,useSurveys
FN:295,useSurveyResponses
FN:300,useTournaments
FN:305,useUnavailabilities
FN:311,useInjuries
FN:317,usePositionHistory
FN:322,useExercises
FNF:24
FNH:24
FNDA:45,reducer
FNDA:244,loadState
FNDA:285,saveState
FNDA:285,AppProvider
FNDA:1569,useAppContext
FNDA:152,useTeams
FNDA:2,useSelectedTeam
FNDA:124,useTeam
FNDA:236,usePlayers
FNDA:13,usePlayer
FNDA:49,useMatches
FNDA:161,useMatch
FNDA:75,useMatchEvents
FNDA:51,useTrainings
FNDA:101,useTraining
FNDA:34,useAttendances
FNDA:46,useLineups
FNDA:51,useSurveys
FNDA:87,useSurveyResponses
FNDA:13,useTournaments
FNDA:70,useUnavailabilities
FNDA:14,useInjuries
FNDA:13,usePositionHistory
FNDA:1,useExercises
DA:1,1
DA:21,1
DA:23,1
DA:52,45
DA:53,45
DA:54,45
DA:55,4
DA:57,45
DA:58,1
DA:60,45
DA:61,1
DA:62,1
DA:63,1
DA:64,19
DA:65,1
DA:66,1
DA:68,45
DA:69,7
DA:71,45
DA:72,2
DA:73,2
DA:74,2
DA:75,12
DA:76,2
DA:77,2
DA:79,45
DA:80,7
DA:81,7
DA:82,7
DA:83,42
DA:84,7
DA:85,35
DA:86,7
DA:87,7
DA:89,45
DA:90,1
DA:92,45
DA:93,1
DA:94,1
DA:95,1
DA:96,7
DA:97,1
DA:98,1
DA:100,45
DA:101,7
DA:102,7
DA:103,69
DA:104,37
DA:105,5
DA:106,7
DA:107,7
DA:108,5
DA:109,5
DA:110,5
DA:111,5
DA:112,2
DA:113,2
DA:115,45
DA:116,4
DA:117,4
DA:118,2
DA:119,2
DA:120,2
DA:121,2
DA:122,2
DA:123,2
DA:125,45
DA:126,2
DA:127,2
DA:128,2
DA:129,2
DA:131,45
DA:132,4
DA:133,4
DA:134,4
DA:135,13
DA:136,4
DA:137,4
DA:139,45
DA:140,1
DA:141,1
DA:142,1
DA:143,1
DA:145,45
DA:146,1
DA:147,1
DA:148,1
DA:149,1
DA:151,45
DA:153,2
DA:157,45
DA:158,45
DA:162,244
DA:163,244
DA:164,244
DA:165,244
DA:166,48
DA:167,48
DA:168,48
DA:169,244
DA:171,1
DA:172,197
DA:173,197
DA:175,285
DA:176,285
DA:177,285
DA:178,285
DA:180,2
DA:181,285
DA:190,1
DA:192,1
DA:193,285
DA:195,285
DA:196,285
DA:197,285
DA:199,285
DA:200,285
DA:201,285
DA:202,285
DA:204,285
DA:206,1
DA:207,1569
DA:208,1569
DA:209,1567
DA:210,1567
DA:214,1
DA:215,152
DA:216,152
DA:217,152
DA:219,1
DA:220,2
DA:221,2
DA:222,2
DA:224,1
DA:225,124
DA:226,124
DA:227,124
DA:229,1
DA:230,236
DA:231,236
DA:232,228
DA:233,228
DA:234,228
DA:235,228
DA:237,1
DA:238,13
DA:239,13
DA:240,13
DA:242,1
DA:243,49
DA:244,49
DA:245,49
DA:246,49
DA:247,49
DA:248,12
DA:249,12
DA:251,1
DA:252,161
DA:253,161
DA:254,161
DA:256,1
DA:257,75
DA:258,75
DA:259,75
DA:260,75
DA:261,75
DA:263,1
DA:264,51
DA:265,51
DA:266,51
DA:267,51
DA:268,51
DA:269,12
DA:270,12
DA:272,1
DA:273,101
DA:274,101
DA:275,101
DA:277,1
DA:278,34
DA:279,34
DA:280,34
DA:281,34
DA:282,34
DA:284,1
DA:285,46
DA:286,46
DA:287,46
DA:289,1
DA:290,51
DA:291,51
DA:292,4
DA:293,4
DA:295,1
DA:296,87
DA:297,87
DA:298,87
DA:300,1
DA:301,13
DA:302,13
DA:303,13
DA:305,1
DA:306,70
DA:307,70
DA:308,13
DA:309,13
DA:311,1
DA:312,14
DA:313,14
DA:314,13
DA:315,13
DA:317,1
DA:318,13
DA:319,13
DA:320,13
DA:322,1
DA:323,1
DA:324,1
DA:325,1
LF:219
LH:219
BRDA:52,0,0,45
BRDA:54,1,0,4
BRDA:57,2,0,1
BRDA:60,3,0,1
BRDA:68,4,0,7
BRDA:71,5,0,2
BRDA:79,6,0,7
BRDA:89,7,0,1
BRDA:92,8,0,1
BRDA:100,9,0,7
BRDA:107,10,0,5
BRDA:111,11,0,2
BRDA:115,12,0,4
BRDA:117,13,0,2
BRDA:125,14,0,2
BRDA:131,15,0,4
BRDA:139,16,0,1
BRDA:145,17,0,1
BRDA:151,18,0,2
BRDA:156,19,0,1
BRDA:63,20,0,19
BRDA:64,21,0,1
BRDA:64,22,0,18
BRDA:74,23,0,12
BRDA:75,24,0,2
BRDA:75,25,0,10
BRDA:82,26,0,42
BRDA:83,27,0,7
BRDA:84,28,0,35
BRDA:95,29,0,7
BRDA:96,30,0,1
BRDA:96,31,0,6
BRDA:102,32,0,69
BRDA:103,33,0,37
BRDA:104,34,0,5
BRDA:116,35,0,6
BRDA:134,36,0,13
BRDA:135,37,0,4
BRDA:135,38,0,9
BRDA:162,39,0,244
BRDA:165,40,0,48
BRDA:169,41,0,1
BRDA:171,42,0,197
BRDA:175,43,0,285
BRDA:178,44,0,2
BRDA:192,45,0,285
BRDA:195,46,0,285
BRDA:206,47,0,1569
BRDA:208,48,0,2
BRDA:208,49,0,1567
BRDA:214,50,0,152
BRDA:219,51,0,2
BRDA:221,52,0,1
BRDA:221,53,0,3
BRDA:224,54,0,124
BRDA:226,55,0,148
BRDA:229,56,0,236
BRDA:231,57,0,235
BRDA:231,58,0,8
BRDA:231,59,0,228
BRDA:231,60,0,152
BRDA:233,61,0,4321
BRDA:233,62,0,2130
BRDA:237,63,0,13
BRDA:239,64,0,121
BRDA:242,65,0,49
BRDA:247,66,0,48
BRDA:247,67,0,37
BRDA:247,68,0,12
BRDA:245,69,0,396
BRDA:248,70,0,67
BRDA:251,71,0,161
BRDA:253,72,0,413
BRDA:256,73,0,75
BRDA:259,74,0,929
BRDA:260,75,0,190
BRDA:260,76,0,36
BRDA:260,77,0,2
BRDA:263,78,0,51
BRDA:268,79,0,50
BRDA:268,80,0,39
BRDA:268,81,0,12
BRDA:266,82,0,506
BRDA:269,83,0,67
BRDA:272,84,0,101
BRDA:274,85,0,533
BRDA:277,86,0,34
BRDA:280,87,0,516
BRDA:280,88,0,260
BRDA:284,89,0,46
BRDA:286,90,0,49
BRDA:289,91,0,51
BRDA:291,92,0,50
BRDA:291,93,0,47
BRDA:291,94,0,4
BRDA:292,95,0,12
BRDA:295,96,0,87
BRDA:297,97,0,252
BRDA:300,98,0,13
BRDA:305,99,0,70
BRDA:307,100,0,69
BRDA:307,101,0,57
BRDA:307,102,0,13
BRDA:308,103,0,13
BRDA:311,104,0,14
BRDA:313,105,0,13
BRDA:313,106,0,1
BRDA:314,107,0,13
BRDA:317,108,0,13
BRDA:319,109,0,78
BRDA:322,110,0,1
BRF:111
BRH:111
end_of_record
TN:
SF:src\theme\ThemeContext.tsx
FN:15,getResolved
FN:22,ThemeProvider
FN:38,handler
FN:43,setTheme
FN:51,useTheme
FNF:5
FNH:5
FNDA:417,getResolved
FNDA:218,ThemeProvider
FNDA:2,handler
FNDA:6,setTheme
FNDA:34,useTheme
DA:1,1
DA:11,1
DA:13,1
DA:15,417
DA:16,417
DA:17,408
DA:18,408
DA:19,9
DA:20,9
DA:22,1
DA:23,218
DA:24,218
DA:25,218
DA:26,218
DA:28,218
DA:29,211
DA:30,211
DA:31,211
DA:32,211
DA:33,218
DA:35,218
DA:36,211
DA:37,204
DA:38,204
DA:39,204
DA:40,204
DA:41,218
DA:43,218
DA:44,6
DA:45,6
DA:46,6
DA:48,218
DA:49,218
DA:51,1
DA:52,34
DA:53,34
DA:54,32
DA:55,32
LF:38
LH:38
BRDA:15,0,0,417
BRDA:16,1,0,408
BRDA:17,2,0,6
BRDA:17,3,0,402
BRDA:18,4,0,9
BRDA:22,5,0,218
BRDA:24,6,0,206
BRDA:24,7,0,204
BRDA:26,8,0,206
BRDA:28,9,0,211
BRDA:35,10,0,211
BRDA:36,11,0,7
BRDA:36,12,0,204
BRDA:38,13,0,2
BRDA:38,14,0,1
BRDA:38,15,0,1
BRDA:40,16,0,204
BRDA:43,17,0,6
BRDA:51,18,0,34
BRDA:53,19,0,2
BRDA:53,20,0,32
BRF:21
BRH:21
end_of_record
TN:
SF:src\types\index.ts
FNF:0
FNH:0
DA:15,1
DA:16,1
DA:17,1
DA:18,1
DA:19,1
DA:20,1
DA:21,1
DA:22,1
DA:23,1
DA:24,1
DA:25,1
DA:26,1
DA:43,1
DA:44,1
DA:45,1
DA:46,1
DA:47,1
DA:48,1
DA:49,1
DA:53,1
DA:54,1
DA:55,1
DA:56,1
DA:57,1
DA:63,1
DA:64,1
DA:65,1
DA:66,1
DA:67,1
DA:77,1
DA:78,1
DA:79,1
DA:80,1
DA:81,1
DA:82,1
DA:83,1
DA:84,1
DA:88,1
DA:89,1
DA:90,1
DA:91,1
DA:92,1
DA:98,1
DA:99,1
DA:100,1
DA:101,1
DA:102,1
DA:118,1
DA:119,1
DA:120,1
DA:121,1
DA:122,1
DA:123,1
DA:124,1
DA:125,1
DA:126,1
DA:136,1
DA:137,1
DA:138,1
DA:139,1
DA:140,1
DA:141,1
DA:142,1
DA:143,1
DA:443,1
DA:444,1
DA:445,1
DA:446,1
DA:447,1
DA:448,1
DA:449,1
DA:450,1
DA:451,1
DA:452,1
DA:453,1
DA:454,1
DA:455,1
DA:456,1
DA:457,1
DA:458,1
DA:459,1
DA:460,1
DA:461,1
DA:462,1
DA:463,1
DA:464,1
DA:465,1
DA:466,1
DA:467,1
DA:468,1
DA:469,1
DA:470,1
DA:471,1
DA:472,1
DA:473,1
DA:474,1
DA:475,1
DA:476,1
DA:477,1
DA:478,1
DA:479,1
DA:480,1
DA:481,1
DA:482,1
DA:483,1
DA:484,1
DA:485,1
DA:486,1
DA:487,1
DA:488,1
DA:489,1
DA:490,1
DA:491,1
DA:492,1
DA:493,1
DA:494,1
DA:495,1
DA:496,1
DA:497,1
DA:498,1
DA:499,1
DA:500,1
LF:122
LH:122
BRF:0
BRH:0
end_of_record
TN:
SF:src\utils\date.ts
FN:1,formatDate
FN:6,formatDateShort
FN:11,formatDateFull
FN:21,isUpcoming
FN:27,isPast
FN:31,age
FN:40,today
FN:44,isActiveUnavailability
FNF:8
FNH:8
FNDA:1,formatDate
FNDA:375,formatDateShort
FNDA:222,formatDateFull
FNDA:285,isUpcoming
FNDA:3,isPast
FNDA:26,age
FNDA:68,today
FNDA:61,isActiveUnavailability
DA:1,1
DA:2,1
DA:3,1
DA:4,1
DA:6,1
DA:7,375
DA:8,375
DA:9,375
DA:11,1
DA:12,222
DA:13,222
DA:14,222
DA:15,222
DA:16,222
DA:17,222
DA:18,222
DA:19,222
DA:21,1
DA:22,285
DA:23,285
DA:24,285
DA:25,285
DA:27,1
DA:28,3
DA:29,3
DA:31,1
DA:32,26
DA:33,26
DA:34,26
DA:35,26
DA:36,26
DA:37,26
DA:38,26
DA:40,1
DA:41,68
DA:42,68
DA:44,1
DA:45,61
DA:46,61
DA:47,61
LF:40
LH:40
BRDA:1,0,0,1
BRDA:6,1,0,375
BRDA:11,2,0,222
BRDA:21,3,0,285
BRDA:27,4,0,3
BRDA:31,5,0,26
BRDA:36,6,0,17
BRDA:36,7,0,2
BRDA:36,8,0,10
BRDA:40,9,0,68
BRDA:44,10,0,61
BRDA:45,11,0,1
BRDA:46,12,0,60
BRDA:46,13,0,58
BRF:14
BRH:14
end_of_record
