TN:
SF:src\App.tsx
FN:20,App
FNF:1
FNH:1
FNDA:1,App
DA:1,1
DA:2,1
DA:3,1
DA:4,1
DA:6,1
DA:7,1
DA:8,1
DA:9,1
DA:10,1
DA:11,1
DA:12,1
DA:13,1
DA:14,1
DA:15,1
DA:16,1
DA:17,1
DA:18,1
DA:20,1
DA:21,1
DA:22,1
DA:23,1
DA:24,1
DA:25,1
DA:26,1
DA:27,1
DA:28,1
DA:29,1
DA:30,1
DA:31,1
DA:32,1
DA:33,1
DA:34,1
DA:35,1
DA:36,1
DA:37,1
DA:38,1
DA:39,1
DA:40,1
DA:41,1
DA:42,1
DA:43,1
DA:45,1
LF:42
LH:42
BRDA:6,0,0,1
BRDA:20,1,0,1
BRF:2
BRH:2
end_of_record
TN:
SF:src\components\UpdateBanner.tsx
FN:3,UpdateBanner
FN:15,onClick
FNF:2
FNH:2
FNDA:6,UpdateBanner
FNDA:1,onClick
DA:1,1
DA:3,1
DA:4,6
DA:5,6
DA:6,6
DA:7,6
DA:9,6
DA:11,2
DA:12,2
DA:13,2
DA:14,2
DA:15,2
DA:16,2
DA:17,2
DA:19,2
DA:20,2
DA:22,2
LF:17
LH:17
BRDA:3,0,0,6
BRDA:9,1,0,4
BRDA:9,2,0,2
BRDA:15,3,0,1
BRF:4
BRH:4
end_of_record
TN:
SF:src\components\layout\AppShell.tsx
FN:6,AppShell
FNF:1
FNH:1
FNDA:3,AppShell
DA:1,1
DA:2,1
DA:3,1
DA:4,1
DA:6,1
DA:7,3
DA:8,3
DA:9,3
DA:10,3
DA:11,3
DA:12,3
DA:13,3
DA:14,3
DA:15,3
DA:17,3
LF:15
LH:15
BRDA:6,0,0,3
BRF:1
BRH:1
end_of_record
TN:
SF:src\components\layout\BottomNav.tsx
FN:30,BottomNav
FN:41,onClick
FN:48,onClick
FN:60,onClick
FN:77,className
FN:85,children
FN:95,onClick
FNF:7
FNH:7
FNDA:16,BottomNav
FNDA:1,onClick
FNDA:1,onClick
FNDA:1,onClick
FNDA:64,className
FNDA:64,children
FNDA:4,onClick
DA:1,1
DA:2,1
DA:14,1
DA:16,1
DA:17,1
DA:18,1
DA:19,1
DA:20,1
DA:21,1
DA:23,1
DA:24,1
DA:25,1
DA:26,1
DA:27,1
DA:28,1
DA:30,1
DA:31,16
DA:32,16
DA:34,16
DA:35,16
DA:37,16
DA:38,4
DA:39,4
DA:40,4
DA:41,4
DA:42,4
DA:43,4
DA:44,4
DA:45,4
DA:46,16
DA:47,16
DA:48,16
DA:49,1
DA:50,1
DA:51,1
DA:52,16
DA:54,16
DA:55,16
DA:56,16
DA:57,4
DA:58,4
DA:59,4
DA:60,4
DA:61,4
DA:63,4
DA:65,4
DA:66,4
DA:67,4
DA:71,16
DA:72,16
DA:73,64
DA:74,64
DA:75,64
DA:76,64
DA:77,64
DA:78,64
DA:79,64
DA:80,15
DA:81,49
DA:82,64
DA:85,64
DA:86,64
DA:87,64
DA:88,64
DA:89,64
DA:91,64
DA:92,16
DA:94,16
DA:95,16
DA:96,16
DA:97,16
DA:98,16
DA:100,16
DA:102,16
DA:103,16
DA:104,16
DA:106,16
LF:77
LH:77
BRDA:30,0,0,16
BRDA:37,1,0,4
BRDA:97,2,0,4
BRDA:97,3,0,12
BRDA:100,4,0,4
BRDA:100,5,0,12
BRDA:41,6,0,1
BRDA:45,7,0,16
BRDA:48,8,0,1
BRDA:60,9,0,1
BRDA:72,10,0,64
BRDA:77,11,0,64
BRDA:79,12,0,15
BRDA:80,13,0,49
BRDA:85,14,0,64
BRDA:87,15,0,15
BRDA:87,16,0,49
BRDA:95,17,0,4
BRDA:95,18,0,4
BRF:19
BRH:19
end_of_record
TN:
SF:src\components\layout\TopBar.tsx
FN:11,TopBar
FN:21,onClick
FNF:2
FNH:2
FNDA:11,TopBar
FNDA:1,onClick
DA:1,1
DA:2,1
DA:11,1
DA:12,11
DA:13,11
DA:15,11
DA:17,11
DA:18,11
DA:19,11
DA:20,4
DA:21,4
DA:22,4
DA:23,4
DA:25,4
DA:26,4
DA:28,7
DA:29,7
DA:30,7
DA:31,7
DA:34,11
DA:35,1
DA:36,1
DA:37,1
DA:40,11
DA:41,11
DA:42,11
DA:43,6
DA:44,6
DA:45,6
DA:47,6
DA:48,6
DA:50,11
DA:51,11
DA:53,11
LF:34
LH:34
BRDA:11,0,0,11
BRDA:19,1,0,10
BRDA:19,2,0,4
BRDA:26,3,0,7
BRDA:34,4,0,2
BRDA:34,5,0,1
BRDA:42,6,0,6
BRDA:21,7,0,1
BRF:8
BRH:8
end_of_record
TN:
SF:src\components\ui\Badge.tsx
FN:32,Badge
FNF:1
FNH:1
FNDA:513,Badge
DA:14,1
DA:15,1
DA:16,1
DA:17,1
DA:18,1
DA:19,1
DA:20,1
DA:21,1
DA:22,1
DA:23,1
DA:24,1
DA:32,1
DA:33,513
DA:34,513
DA:35,513
DA:37,513
DA:38,513
DA:40,513
LF:18
LH:18
BRDA:32,0,0,513
BRF:1
BRH:1
end_of_record
TN:
SF:src\components\ui\Button.tsx
FN:30,Button
FNF:1
FNH:1
FNDA:227,Button
DA:6,1
DA:7,1
DA:8,1
DA:9,1
DA:10,1
DA:11,1
DA:12,1
DA:13,1
DA:14,1
DA:16,1
DA:17,1
DA:18,1
DA:19,1
DA:20,1
DA:21,1
DA:30,1
DA:31,227
DA:32,227
DA:33,227
DA:34,227
DA:35,227
DA:36,227
DA:37,227
DA:38,227
DA:39,227
DA:40,227
DA:41,227
DA:42,227
DA:46,227
DA:48,227
DA:50,227
DA:51,2
DA:52,2
DA:53,2
DA:54,2
DA:55,2
DA:57,2
DA:58,2
DA:59,2
DA:61,225
DA:63,227
DA:65,227
LF:42
LH:42
BRDA:30,0,0,227
BRDA:41,1,0,226
BRDA:50,2,0,2
BRDA:59,3,0,225
BRF:4
BRH:4
end_of_record
TN:
SF:src\components\ui\Card.tsx
FN:8,Card
FN:25,CardHeader
FNF:2
FNH:2
FNDA:837,Card
FNDA:124,CardHeader
DA:8,1
DA:9,837
DA:10,837
DA:11,837
DA:12,837
DA:14,837
DA:15,837
DA:17,837
DA:25,1
DA:26,124
DA:27,124
DA:28,124
DA:29,124
DA:30,124
DA:31,124
DA:32,124
DA:33,124
DA:35,124
LF:18
LH:18
BRDA:8,0,0,837
BRDA:11,1,0,497
BRDA:11,2,0,340
BRDA:25,3,0,124
BRDA:30,4,0,84
BRF:5
BRH:5
end_of_record
TN:
SF:src\components\ui\EmptyState.tsx
FN:10,EmptyState
FNF:1
FNH:1
FNDA:14,EmptyState
DA:10,1
DA:11,14
DA:12,14
DA:13,14
DA:14,3
DA:16,14
DA:17,14
DA:18,3
DA:20,14
DA:21,14
DA:23,14
LF:11
LH:11
BRDA:10,0,0,14
BRDA:13,1,0,3
BRDA:17,2,0,3
BRF:3
BRH:3
end_of_record
TN:
SF:src\components\ui\Input.tsx
FN:8,Input
FN:40,Select
FNF:2
FNH:2
FNDA:9,Input
FNDA:7,Select
DA:8,1
DA:9,9
DA:10,9
DA:11,9
DA:12,9
DA:13,2
DA:14,2
DA:15,2
DA:17,9
DA:18,9
DA:19,9
DA:24,9
DA:25,9
DA:27,9
DA:28,9
DA:29,9
DA:30,9
DA:32,9
DA:40,1
DA:41,7
DA:42,7
DA:43,7
DA:44,7
DA:45,2
DA:46,2
DA:47,2
DA:49,7
DA:50,7
DA:51,7
DA:55,7
DA:56,7
DA:58,7
DA:60,7
DA:61,7
DA:62,7
DA:63,7
DA:65,7
LF:37
LH:37
BRDA:8,0,0,9
BRDA:9,1,0,8
BRDA:9,2,0,1
BRDA:12,3,0,2
BRDA:24,4,0,2
BRDA:24,5,0,7
BRDA:29,6,0,2
BRDA:40,7,0,7
BRDA:41,8,0,6
BRDA:41,9,0,1
BRDA:44,10,0,2
BRDA:55,11,0,1
BRDA:55,12,0,6
BRDA:62,13,0,1
BRF:14
BRH:14
end_of_record
TN:
SF:src\components\ui\Spinner.tsx
FN:12,Spinner
FNF:1
FNH:1
FNDA:7,Spinner
DA:6,1
DA:7,1
DA:8,1
DA:9,1
DA:10,1
DA:12,1
DA:13,7
DA:14,7
DA:15,7
DA:16,7
DA:17,7
DA:18,7
DA:20,7
DA:21,7
DA:22,7
DA:23,7
DA:24,7
DA:25,7
DA:26,7
DA:27,7
DA:28,7
DA:29,7
DA:30,7
DA:31,7
DA:32,7
DA:33,7
DA:36,7
DA:37,2
DA:38,2
DA:39,2
DA:40,2
DA:42,2
DA:44,5
DA:45,5
LF:34
LH:34
BRDA:12,0,0,7
BRDA:36,1,0,2
BRDA:42,2,0,5
BRF:3
BRH:3
end_of_record
TN:
SF:src\data\mock.ts
FNF:0
FNH:0
DA:24,1
DA:25,1
DA:26,1
DA:27,1
DA:28,1
DA:29,1
DA:30,1
DA:34,1
DA:35,1
DA:36,1
DA:37,1
DA:38,1
DA:39,1
DA:40,1
DA:41,1
DA:42,1
DA:43,1
DA:44,1
DA:45,1
DA:46,1
DA:47,1
DA:48,1
DA:49,1
DA:50,1
DA:51,1
DA:55,1
DA:57,1
DA:58,1
DA:59,1
DA:60,1
DA:61,1
DA:62,1
DA:63,1
DA:64,1
DA:65,1
DA:66,1
DA:67,1
DA:68,1
DA:69,1
DA:70,1
DA:71,1
DA:72,1
DA:73,1
DA:74,1
DA:75,1
DA:76,1
DA:77,1
DA:78,1
DA:79,1
DA:80,1
DA:81,1
DA:82,1
DA:83,1
DA:84,1
DA:85,1
DA:86,1
DA:87,1
DA:88,1
DA:89,1
DA:90,1
DA:91,1
DA:92,1
DA:93,1
DA:94,1
DA:95,1
DA:96,1
DA:97,1
DA:98,1
DA:99,1
DA:100,1
DA:101,1
DA:102,1
DA:103,1
DA:104,1
DA:105,1
DA:106,1
DA:107,1
DA:108,1
DA:109,1
DA:110,1
DA:111,1
DA:112,1
DA:113,1
DA:114,1
DA:115,1
DA:116,1
DA:117,1
DA:118,1
DA:119,1
DA:120,1
DA:121,1
DA:122,1
DA:123,1
DA:124,1
DA:125,1
DA:126,1
DA:127,1
DA:128,1
DA:129,1
DA:130,1
DA:131,1
DA:132,1
DA:133,1
DA:134,1
DA:135,1
DA:136,1
DA:137,1
DA:138,1
DA:139,1
DA:140,1
DA:141,1
DA:142,1
DA:143,1
DA:144,1
DA:145,1
DA:146,1
DA:147,1
DA:148,1
DA:149,1
DA:150,1
DA:151,1
DA:152,1
DA:153,1
DA:154,1
DA:155,1
DA:157,1
DA:158,1
DA:159,1
DA:160,1
DA:161,1
DA:162,1
DA:163,1
DA:164,1
DA:165,1
DA:166,1
DA:167,1
DA:168,1
DA:169,1
DA:170,1
DA:171,1
DA:172,1
DA:173,1
DA:174,1
DA:175,1
DA:176,1
DA:177,1
DA:178,1
DA:179,1
DA:180,1
DA:181,1
DA:182,1
DA:183,1
DA:184,1
DA:185,1
DA:186,1
DA:187,1
DA:188,1
DA:189,1
DA:190,1
DA:191,1
DA:192,1
DA:193,1
DA:194,1
DA:195,1
DA:196,1
DA:197,1
DA:198,1
DA:199,1
DA:200,1
DA:201,1
DA:202,1
DA:203,1
DA:204,1
DA:205,1
DA:206,1
DA:207,1
DA:208,1
DA:209,1
DA:210,1
DA:211,1
DA:212,1
DA:213,1
DA:214,1
DA:215,1
DA:216,1
DA:217,1
DA:218,1
DA:219,1
DA:220,1
DA:221,1
DA:222,1
DA:223,1
DA:224,1
DA:225,1
DA:226,1
DA:227,1
DA:228,1
DA:229,1
DA:230,1
DA:231,1
DA:232,1
DA:233,1
DA:234,1
DA:235,1
DA:236,1
DA:237,1
DA:238,1
DA:239,1
DA:240,1
DA:241,1
DA:242,1
DA:243,1
DA:244,1
DA:246,1
DA:247,1
DA:248,1
DA:249,1
DA:250,1
DA:251,1
DA:252,1
DA:253,1
DA:254,1
DA:255,1
DA:256,1
DA:257,1
DA:259,1
DA:260,1
DA:261,1
DA:262,1
DA:263,1
DA:264,1
DA:265,1
DA:266,1
DA:267,1
DA:268,1
DA:269,1
DA:273,1
DA:274,1
DA:275,1
DA:276,1
DA:277,1
DA:278,1
DA:279,1
DA:280,1
DA:281,1
DA:282,1
DA:283,1
DA:284,1
DA:285,1
DA:286,1
DA:287,1
DA:288,1
DA:289,1
DA:290,1
DA:291,1
DA:292,1
DA:293,1
DA:294,1
DA:295,1
DA:296,1
DA:297,1
DA:298,1
DA:299,1
DA:300,1
DA:301,1
DA:302,1
DA:303,1
DA:304,1
DA:308,1
DA:309,1
DA:310,1
DA:311,1
DA:312,1
DA:313,1
DA:314,1
DA:315,1
DA:316,1
DA:317,1
DA:318,1
DA:319,1
DA:320,1
DA:321,1
DA:322,1
DA:323,1
DA:324,1
DA:325,1
DA:326,1
DA:327,1
DA:328,1
DA:329,1
DA:330,1
DA:331,1
DA:332,1
DA:333,1
DA:337,1
DA:338,1
DA:339,1
DA:340,1
DA:341,1
DA:342,1
DA:343,1
DA:344,1
DA:345,1
DA:346,1
DA:347,1
DA:348,1
DA:349,1
DA:350,1
DA:351,1
DA:352,1
DA:353,1
DA:354,1
DA:355,1
DA:356,1
DA:357,1
DA:358,1
DA:359,1
DA:360,1
DA:361,1
DA:362,1
DA:363,1
DA:364,1
DA:365,1
DA:366,1
DA:367,1
DA:368,1
DA:369,1
DA:370,1
DA:371,1
DA:372,1
DA:373,1
DA:374,1
DA:375,1
DA:376,1
DA:377,1
DA:378,1
DA:379,1
DA:380,1
DA:381,1
DA:382,1
DA:383,1
DA:384,1
DA:385,1
DA:386,1
DA:387,1
DA:388,1
DA:389,1
DA:390,1
DA:391,1
DA:392,1
DA:393,1
DA:394,1
DA:395,1
DA:396,1
DA:397,1
DA:398,1
DA:399,1
DA:400,1
DA:401,1
DA:402,1
DA:403,1
DA:404,1
DA:405,1
DA:406,1
DA:407,1
DA:408,1
DA:409,1
DA:410,1
DA:411,1
DA:412,1
DA:413,1
DA:414,1
DA:415,1
DA:416,1
DA:417,1
DA:418,1
DA:419,1
DA:420,1
DA:421,1
DA:422,1
DA:423,1
DA:424,1
DA:425,1
DA:426,1
DA:427,1
DA:428,1
DA:429,1
DA:430,1
DA:431,1
DA:432,1
DA:433,1
DA:434,1
DA:435,1
DA:436,1
DA:437,1
DA:438,1
DA:439,1
DA:443,1
DA:444,1
DA:445,1
DA:446,1
DA:447,1
DA:448,1
DA:449,1
DA:450,1
DA:451,1
DA:452,1
DA:453,1
DA:454,1
DA:455,1
DA:456,1
DA:457,1
DA:461,1
DA:462,1
DA:463,1
DA:464,1
DA:465,1
DA:466,1
DA:467,1
DA:468,1
DA:469,1
DA:470,1
DA:471,1
DA:472,1
DA:473,1
DA:474,1
DA:475,1
DA:476,1
DA:477,1
DA:478,1
DA:479,1
DA:480,1
DA:481,1
DA:482,1
DA:483,1
DA:484,1
DA:485,1
DA:486,1
DA:487,1
DA:488,1
DA:489,1
DA:490,1
DA:491,1
DA:492,1
DA:493,1
DA:494,1
DA:495,1
DA:496,1
DA:497,1
DA:498,1
DA:499,1
DA:500,1
DA:501,1
DA:502,1
DA:503,1
DA:504,1
DA:505,1
DA:506,1
DA:507,1
DA:508,1
DA:509,1
DA:510,1
DA:511,1
DA:512,1
DA:513,1
DA:514,1
DA:515,1
DA:516,1
DA:517,1
DA:518,1
DA:519,1
DA:520,1
DA:521,1
DA:522,1
DA:523,1
DA:527,1
DA:528,1
DA:529,1
DA:530,1
DA:531,1
DA:532,1
DA:533,1
DA:534,1
DA:535,1
DA:536,1
DA:537,1
DA:538,1
DA:539,1
DA:540,1
DA:541,1
DA:542,1
DA:543,1
DA:544,1
DA:545,1
DA:546,1
DA:547,1
DA:548,1
DA:549,1
DA:550,1
DA:551,1
DA:552,1
DA:553,1
DA:554,1
DA:555,1
DA:556,1
DA:557,1
DA:558,1
DA:559,1
DA:560,1
DA:561,1
DA:562,1
DA:563,1
DA:564,1
DA:565,1
DA:566,1
DA:567,1
DA:568,1
DA:572,1
DA:573,1
DA:574,1
DA:575,1
DA:576,1
DA:577,1
DA:578,1
DA:579,1
DA:580,1
DA:581,1
DA:582,1
DA:583,1
DA:584,1
DA:585,1
DA:586,1
DA:587,1
DA:588,1
DA:589,1
DA:593,1
DA:594,1
DA:595,1
DA:596,1
DA:597,1
DA:598,1
DA:599,1
DA:600,1
DA:601,1
DA:602,1
DA:603,1
DA:604,1
DA:605,1
DA:606,1
DA:607,1
DA:608,1
DA:609,1
DA:610,1
DA:611,1
DA:612,1
DA:616,1
DA:617,1
DA:618,1
DA:619,1
DA:620,1
DA:621,1
DA:622,1
DA:623,1
DA:627,1
DA:628,1
DA:629,1
DA:630,1
DA:631,1
DA:632,1
DA:633,1
DA:634,1
DA:635,1
DA:636,1
DA:637,1
DA:638,1
DA:639,1
DA:640,1
DA:641,1
DA:642,1
DA:643,1
DA:644,1
DA:645,1
DA:646,1
DA:647,1
DA:648,1
DA:649,1
DA:650,1
DA:651,1
DA:652,1
DA:653,1
DA:654,1
DA:655,1
DA:659,1
DA:660,1
DA:661,1
DA:662,1
DA:663,1
DA:664,1
DA:665,1
DA:666,1
DA:667,1
DA:668,1
DA:669,1
DA:670,1
DA:671,1
DA:672,1
DA:673,1
DA:674,1
DA:675,1
DA:676,1
DA:677,1
DA:678,1
DA:679,1
DA:680,1
DA:681,1
DA:682,1
DA:683,1
DA:684,1
DA:685,1
DA:686,1
DA:687,1
DA:688,1
DA:689,1
DA:690,1
DA:691,1
DA:692,1
DA:693,1
DA:695,1
DA:696,1
DA:697,1
DA:698,1
DA:699,1
DA:700,1
DA:701,1
DA:702,1
DA:703,1
DA:704,1
DA:705,1
DA:706,1
DA:707,1
DA:708,1
DA:709,1
DA:710,1
DA:711,1
DA:712,1
DA:713,1
DA:714,1
DA:715,1
DA:716,1
DA:717,1
DA:718,1
DA:719,1
DA:720,1
DA:721,1
DA:722,1
DA:723,1
DA:727,1
DA:728,1
DA:729,1
DA:730,1
DA:731,1
DA:732,1
DA:733,1
DA:734,1
DA:735,1
DA:736,1
DA:737,1
DA:738,1
DA:740,1
DA:741,1
DA:742,1
DA:743,1
DA:744,1
DA:745,1
DA:746,1
DA:747,1
DA:748,1
DA:749,1
DA:750,1
DA:751,1
DA:755,1
DA:756,1
DA:757,1
DA:758,1
DA:759,1
DA:760,1
DA:761,1
DA:762,1
DA:763,1
DA:764,1
DA:765,1
DA:766,1
DA:767,1
DA:768,1
DA:769,1
DA:770,1
DA:771,1
DA:772,1
DA:773,1
DA:774,1
DA:775,1
DA:776,1
DA:777,1
LF:703
LH:703
BRF:0
BRH:0
end_of_record
TN:
SF:src\pages\DashboardPage.tsx
FNF:0
FNH:0
DA:1,0
DA:2,1
DA:3,1
DA:4,1
DA:5,1
DA:12,1
DA:14,1
DA:16,1
DA:17,1
DA:18,1
DA:19,1
DA:20,1
DA:21,1
DA:22,1
DA:24,1
DA:25,1
DA:26,1
DA:27,1
DA:28,1
DA:29,1
DA:31,1
DA:32,1
DA:33,1
DA:35,1
DA:36,1
DA:38,1
DA:39,1
DA:40,1
DA:41,1
DA:44,1
DA:45,1
DA:46,1
DA:47,1
DA:48,1
DA:49,1
DA:50,1
DA:51,1
DA:52,1
DA:53,1
DA:54,1
DA:55,1
DA:56,1
DA:57,1
DA:58,1
DA:59,1
DA:60,1
DA:61,1
DA:64,1
DA:65,1
DA:66,1
DA:67,1
DA:68,1
DA:70,1
DA:71,1
DA:73,1
DA:74,1
DA:75,1
DA:76,1
DA:77,1
DA:78,1
DA:79,1
DA:80,1
DA:81,1
DA:82,1
DA:83,1
DA:84,1
DA:85,1
DA:86,1
DA:87,1
DA:88,1
DA:89,1
DA:90,1
DA:91,1
DA:92,1
DA:93,1
DA:94,1
DA:95,1
DA:97,1
DA:98,1
DA:99,1
DA:103,1
DA:104,1
DA:105,1
DA:106,1
DA:107,1
DA:109,1
DA:110,1
DA:112,1
DA:113,1
DA:114,1
DA:115,1
DA:116,1
DA:117,1
DA:118,1
DA:119,1
DA:120,1
DA:121,1
DA:122,1
DA:123,1
DA:124,1
DA:125,1
DA:126,1
DA:127,1
DA:128,1
DA:129,1
DA:130,1
DA:132,1
DA:133,1
DA:134,1
DA:136,1
DA:137,1
DA:138,1
DA:142,1
DA:143,1
DA:144,1
DA:145,1
DA:147,1
DA:148,1
DA:150,1
DA:151,1
DA:152,1
DA:153,1
DA:154,1
DA:155,1
DA:156,1
DA:157,1
DA:158,1
DA:159,1
DA:160,1
DA:161,1
DA:162,1
DA:163,1
DA:164,1
DA:165,1
DA:166,1
DA:167,1
DA:168,1
DA:169,1
DA:171,1
DA:172,1
DA:173,1
DA:176,1
DA:177,1
DA:178,1
DA:179,1
DA:180,1
DA:181,1
DA:182,1
DA:183,1
DA:184,1
DA:185,1
DA:186,1
DA:187,1
DA:188,1
DA:189,1
DA:190,1
DA:191,1
DA:195,1
DA:196,1
DA:197,1
DA:198,1
DA:199,1
DA:201,1
DA:202,1
DA:204,1
DA:205,1
DA:206,1
DA:207,1
DA:208,1
DA:209,1
DA:210,1
DA:211,1
DA:212,1
DA:213,1
DA:214,1
DA:215,1
DA:216,1
DA:217,1
DA:218,1
DA:220,1
DA:222,1
LF:181
LH:180
BRDA:1,0,0,8
BRDA:1,1,0,0
BRDA:184,2,0,0
BRDA:33,3,0,48
BRDA:36,4,0,48
BRDA:36,5,0,40
BRDA:38,6,0,24
BRDA:50,7,0,152
BRDA:83,8,0,0
BRDA:80,9,0,32
BRDA:122,10,0,0
BRDA:119,11,0,24
BRDA:159,12,0,304
BRDA:197,13,0,8
BRDA:209,14,0,16
BRF:15
BRH:11
end_of_record
TN:
SF:src\pages\LineupPage.tsx
FN:15,LineupPage
FN:47,changeFormation
FN:53,handleSlotClick
FN:57,assignPlayer
FN:71,removeFromSlot
FN:78,toggleSubstitute
FN:85,saveLineup
FN:100,loadLineup
FN:127,onChange
FN:139,onClick
FN:175,onClick
FN:215,onClick
FN:226,onClick
FN:250,onClick
FN:273,onClick
FNF:15
FNH:15
FNDA:35,LineupPage
FNDA:1,changeFormation
FNDA:7,handleSlotClick
FNDA:1,assignPlayer
FNDA:1,removeFromSlot
FNDA:2,toggleSubstitute
FNDA:1,saveLineup
FNDA:3,loadLineup
FNDA:1,onChange
FNDA:1,onClick
FNDA:7,onClick
FNDA:1,onClick
FNDA:1,onClick
FNDA:2,onClick
FNDA:3,onClick
DA:1,1
DA:2,1
DA:3,1
DA:4,1
DA:5,1
DA:6,1
DA:7,1
DA:13,1
DA:15,35
DA:16,35
DA:17,35
DA:18,35
DA:20,35
DA:21,35
DA:22,35
DA:23,35
DA:24,35
DA:25,35
DA:26,35
DA:28,35
DA:29,35
DA:30,35
DA:31,35
DA:33,35
DA:34,35
DA:35,35
DA:36,35
DA:37,35
DA:38,35
DA:39,35
DA:40,35
DA:41,35
DA:42,35
DA:43,35
DA:45,35
DA:47,35
DA:48,1
DA:49,1
DA:50,1
DA:51,1
DA:53,35
DA:54,7
DA:55,7
DA:57,35
DA:58,1
DA:59,1
DA:60,1
DA:61,8
DA:63,8
DA:64,7
DA:65,1
DA:66,1
DA:67,1
DA:68,1
DA:69,1
DA:71,35
DA:72,1
DA:73,1
DA:74,1
DA:75,1
DA:76,1
DA:78,35
DA:79,2
DA:80,2
DA:81,2
DA:82,2
DA:83,2
DA:85,35
DA:86,1
DA:87,1
DA:88,1
DA:89,1
DA:90,1
DA:91,1
DA:92,1
DA:93,1
DA:94,1
DA:95,1
DA:96,1
DA:97,1
DA:98,1
DA:100,35
DA:101,3
DA:102,3
DA:103,3
DA:104,3
DA:105,3
DA:106,3
DA:107,3
DA:109,35
DA:110,35
DA:111,35
DA:113,35
DA:114,35
DA:115,35
DA:116,35
DA:117,35
DA:118,35
DA:120,35
DA:121,35
DA:124,35
DA:125,35
DA:126,35
DA:127,35
DA:128,35
DA:130,35
DA:131,70
DA:132,35
DA:133,35
DA:135,35
DA:136,35
DA:137,140
DA:138,140
DA:139,140
DA:140,140
DA:141,140
DA:142,35
DA:143,105
DA:144,140
DA:146,140
DA:147,140
DA:148,35
DA:149,35
DA:150,35
DA:153,35
DA:155,35
DA:156,35
DA:157,35
DA:158,35
DA:160,35
DA:162,35
DA:164,35
DA:167,35
DA:168,280
DA:169,280
DA:170,280
DA:172,280
DA:173,280
DA:174,280
DA:175,280
DA:176,280
DA:177,280
DA:178,280
DA:179,280
DA:181,280
DA:182,280
DA:183,280
DA:184,48
DA:185,6
DA:186,42
DA:187,232
DA:188,4
DA:189,228
DA:190,280
DA:192,280
DA:193,48
DA:194,232
DA:195,280
DA:196,280
DA:197,48
DA:198,48
DA:199,48
DA:201,280
DA:203,35
DA:204,35
DA:207,35
DA:208,6
DA:209,6
DA:210,6
DA:211,6
DA:212,6
DA:213,6
DA:214,2
DA:215,2
DA:216,2
DA:217,2
DA:219,2
DA:221,6
DA:222,6
DA:223,6
DA:224,52
DA:225,52
DA:226,52
DA:227,52
DA:228,52
DA:229,52
DA:230,4
DA:231,48
DA:232,52
DA:234,52
DA:235,52
DA:236,52
DA:237,6
DA:238,6
DA:239,6
DA:243,35
DA:244,35
DA:245,35
DA:246,35
DA:247,35
DA:248,335
DA:249,335
DA:250,335
DA:251,335
DA:252,335
DA:253,7
DA:254,328
DA:255,335
DA:257,335
DA:258,335
DA:259,335
DA:260,35
DA:261,35
DA:262,35
DA:266,35
DA:267,34
DA:268,34
DA:269,34
DA:270,34
DA:271,35
DA:272,35
DA:273,35
DA:274,35
DA:276,35
DA:277,35
DA:278,35
DA:279,34
DA:280,34
DA:281,34
DA:283,35
DA:285,35
LF:231
LH:231
BRDA:15,0,0,35
BRDA:21,1,0,0
BRDA:207,2,0,6
BRDA:210,3,0,0
BRDA:213,4,0,2
BRDA:266,5,0,34
BRDA:24,6,0,280
BRDA:34,7,0,35
BRDA:37,8,0,35
BRDA:39,9,0,145
BRDA:41,10,0,34
BRDA:45,11,0,280
BRDA:47,12,0,1
BRDA:49,13,0,8
BRDA:53,14,0,7
BRDA:54,15,0,1
BRDA:54,16,0,6
BRDA:57,17,0,1
BRDA:58,18,0,0
BRDA:59,19,0,1
BRDA:60,20,0,8
BRDA:61,21,0,1
BRDA:61,22,0,7
BRDA:63,23,0,0
BRDA:63,24,0,7
BRDA:67,25,0,1
BRDA:71,26,0,1
BRDA:72,27,0,1
BRDA:73,28,0,8
BRDA:73,29,0,1
BRDA:73,30,0,7
BRDA:78,31,0,2
BRDA:79,32,0,0
BRDA:80,33,0,2
BRDA:81,34,0,1
BRDA:81,35,0,1
BRDA:81,36,0,1
BRDA:85,37,0,1
BRDA:100,38,0,3
BRDA:102,39,0,0
BRDA:103,40,0,0
BRDA:101,41,0,3
BRDA:103,42,0,3
BRDA:110,43,0,383
BRDA:127,44,0,1
BRDA:130,45,0,70
BRDA:136,46,0,140
BRDA:141,47,0,35
BRDA:142,48,0,105
BRDA:139,49,0,1
BRDA:167,50,0,280
BRDA:169,51,0,48
BRDA:169,52,0,232
BRDA:178,53,0,6
BRDA:178,54,0,274
BRDA:183,55,0,48
BRDA:184,56,0,6
BRDA:185,57,0,42
BRDA:186,58,0,232
BRDA:187,59,0,4
BRDA:188,60,0,228
BRDA:192,61,0,48
BRDA:193,62,0,0
BRDA:193,63,0,232
BRDA:196,64,0,48
BRDA:168,65,0,2758
BRDA:175,66,0,7
BRDA:213,67,0,6
BRDA:215,68,0,1
BRDA:222,69,0,66
BRDA:222,70,0,16
BRDA:222,71,0,16
BRDA:223,72,0,52
BRDA:229,73,0,4
BRDA:230,74,0,48
BRDA:235,75,0,4
BRDA:226,76,0,1
BRDA:247,77,0,335
BRDA:252,78,0,7
BRDA:253,79,0,328
BRDA:258,80,0,28
BRDA:250,81,0,2
BRDA:270,82,0,35
BRDA:273,83,0,3
BRF:84
BRH:76
end_of_record
TN:
SF:src\pages\MatchDetailPage.tsx
FN:36,MatchDetailPage
FNF:1
FNH:1
FNDA:16,MatchDetailPage
DA:1,1
DA:2,1
DA:3,1
DA:4,1
DA:5,1
DA:6,1
DA:13,1
DA:20,1
DA:22,1
DA:23,1
DA:24,1
DA:25,1
DA:26,1
DA:27,1
DA:28,1
DA:30,1
DA:31,1
DA:32,1
DA:33,1
DA:34,1
DA:36,16
DA:37,16
DA:38,16
DA:39,16
DA:40,16
DA:41,16
DA:42,16
DA:44,16
DA:45,1
DA:46,1
DA:47,1
DA:48,1
DA:50,1
DA:52,16
DA:54,16
DA:55,16
DA:57,16
DA:58,16
DA:59,16
DA:60,16
DA:61,1
DA:62,1
DA:63,1
DA:65,16
DA:66,16
DA:67,16
DA:68,16
DA:69,16
DA:70,16
DA:73,16
DA:74,9
DA:75,9
DA:76,9
DA:77,9
DA:78,9
DA:79,9
DA:80,9
DA:81,9
DA:82,9
DA:83,9
DA:87,16
DA:88,16
DA:89,16
DA:90,16
DA:91,16
DA:92,16
DA:93,16
DA:94,16
DA:95,16
DA:96,16
DA:97,16
DA:98,16
DA:99,16
DA:100,16
DA:101,11
DA:102,11
DA:103,11
DA:104,11
DA:105,11
DA:106,11
DA:108,11
DA:109,6
DA:111,11
DA:112,11
DA:114,16
DA:115,16
DA:118,16
DA:119,6
DA:120,6
DA:121,6
DA:122,6
DA:123,6
DA:124,6
DA:125,6
DA:126,6
DA:127,6
DA:128,6
DA:129,6
DA:130,6
DA:134,16
DA:135,9
DA:136,9
DA:137,9
DA:138,9
DA:139,51
DA:140,51
DA:141,51
DA:142,51
DA:143,51
DA:144,51
DA:145,51
DA:146,51
DA:147,21
DA:148,18
DA:149,12
DA:150,9
DA:151,6
DA:152,51
DA:153,51
DA:154,51
DA:155,51
DA:156,48
DA:157,48
DA:158,48
DA:160,51
DA:161,51
DA:163,9
DA:164,9
DA:165,9
DA:169,16
DA:170,6
DA:171,6
DA:172,6
DA:173,6
DA:174,48
DA:176,48
DA:177,48
DA:178,48
DA:179,48
DA:180,48
DA:181,48
DA:182,48
DA:183,48
DA:185,6
DA:186,6
DA:187,6
DA:189,16
DA:191,16
LF:148
LH:148
BRDA:36,0,0,16
BRDA:40,1,0,15
BRDA:40,2,0,1
BRDA:41,3,0,15
BRDA:44,4,0,1
BRDA:50,5,0,15
BRDA:52,6,0,9
BRDA:60,7,0,1
BRDA:67,8,0,9
BRDA:67,9,0,6
BRDA:69,10,0,15
BRDA:73,11,0,9
BRDA:76,12,0,3
BRDA:76,13,0,6
BRDA:78,14,0,3
BRDA:78,15,0,6
BRDA:81,16,0,3
BRDA:81,17,0,0
BRDA:81,18,0,6
BRDA:81,19,0,3
BRDA:81,20,0,6
BRDA:81,21,0,0
BRDA:97,22,0,15
BRDA:100,23,0,11
BRDA:108,24,0,6
BRDA:118,25,0,6
BRDA:134,26,0,9
BRDA:169,27,0,6
BRDA:138,28,0,51
BRDA:143,29,0,45
BRDA:143,30,0,6
BRDA:146,31,0,30
BRDA:146,32,0,21
BRDA:147,33,0,3
BRDA:147,34,0,18
BRDA:148,35,0,6
BRDA:148,36,0,12
BRDA:149,37,0,3
BRDA:149,38,0,9
BRDA:150,39,0,3
BRDA:150,40,0,6
BRDA:151,41,0,3
BRDA:151,42,0,3
BRDA:155,43,0,48
BRDA:139,44,0,312
BRDA:173,45,0,48
BRDA:176,46,0,0
BRDA:174,47,0,216
BRF:48
BRH:45
end_of_record
TN:
SF:src\pages\MatchLivePage.tsx
FN:25,MatchLivePage
FN:49,toggleLive
FN:54,addEvent
FN:114,onClick
FN:121,onClick
FN:140,onClick
FN:147,onClick
FN:167,onChange
FN:180,onClick
FN:201,onClick
FN:224,onClick
FNF:11
FNH:10
FNDA:51,MatchLivePage
FNDA:1,toggleLive
FNDA:6,addEvent
FNDA:1,onClick
FNDA:1,onClick
FNDA:0,onClick
FNDA:1,onClick
FNDA:1,onChange
FNDA:13,onClick
FNDA:3,onClick
FNDA:1,onClick
DA:1,1
DA:2,1
DA:3,1
DA:4,1
DA:5,1
DA:6,1
DA:7,1
DA:14,1
DA:16,1
DA:17,1
DA:18,1
DA:19,1
DA:20,1
DA:21,1
DA:22,1
DA:23,1
DA:25,51
DA:26,51
DA:27,51
DA:28,51
DA:29,51
DA:30,51
DA:31,51
DA:32,51
DA:34,51
DA:35,51
DA:36,51
DA:37,51
DA:38,51
DA:39,51
DA:41,51
DA:42,1
DA:43,1
DA:44,1
DA:45,1
DA:47,1
DA:49,50
DA:50,1
DA:51,1
DA:52,1
DA:54,50
DA:56,6
DA:57,6
DA:58,6
DA:59,6
DA:60,6
DA:61,6
DA:62,6
DA:63,6
DA:64,6
DA:65,6
DA:66,6
DA:68,6
DA:69,2
DA:70,2
DA:71,2
DA:72,2
DA:73,2
DA:74,6
DA:75,2
DA:76,2
DA:77,2
DA:78,2
DA:79,2
DA:80,2
DA:82,6
DA:83,6
DA:84,6
DA:86,51
DA:87,51
DA:89,51
DA:90,51
DA:92,51
DA:93,51
DA:94,51
DA:95,51
DA:96,51
DA:97,51
DA:98,51
DA:99,51
DA:100,51
DA:102,51
DA:103,51
DA:104,51
DA:105,51
DA:108,51
DA:109,51
DA:110,51
DA:111,51
DA:112,51
DA:113,51
DA:114,51
DA:115,51
DA:117,51
DA:118,51
DA:119,51
DA:120,51
DA:121,51
DA:122,1
DA:123,1
DA:124,1
DA:125,1
DA:126,51
DA:128,51
DA:129,51
DA:130,51
DA:131,51
DA:132,51
DA:133,51
DA:134,51
DA:135,51
DA:136,51
DA:137,51
DA:138,51
DA:139,51
DA:140,51
DA:141,51
DA:143,51
DA:144,51
DA:145,51
DA:146,51
DA:147,51
DA:148,1
DA:149,1
DA:150,1
DA:151,1
DA:152,51
DA:154,51
DA:155,51
DA:156,51
DA:157,51
DA:158,51
DA:160,51
DA:161,51
DA:162,51
DA:163,51
DA:164,51
DA:165,51
DA:166,51
DA:167,51
DA:168,51
DA:169,51
DA:170,51
DA:171,51
DA:174,51
DA:175,51
DA:176,51
DA:177,51
DA:178,300
DA:179,300
DA:180,300
DA:181,300
DA:182,300
DA:183,15
DA:184,285
DA:185,300
DA:187,300
DA:188,300
DA:189,300
DA:190,51
DA:191,51
DA:194,51
DA:195,13
DA:196,13
DA:197,13
DA:198,13
DA:199,143
DA:200,143
DA:201,143
DA:202,143
DA:203,143
DA:204,2
DA:205,141
DA:206,143
DA:208,143
DA:209,143
DA:210,13
DA:211,13
DA:212,13
DA:215,51
DA:216,15
DA:217,15
DA:218,15
DA:219,15
DA:220,15
DA:221,15
DA:222,15
DA:223,15
DA:224,15
DA:226,15
DA:227,15
DA:228,15
DA:230,51
DA:233,51
DA:234,13
DA:235,13
DA:236,13
DA:237,13
DA:238,47
DA:239,47
DA:240,47
DA:241,47
DA:242,47
DA:243,47
DA:244,17
DA:245,8
DA:246,47
DA:247,47
DA:248,47
DA:249,41
DA:250,41
DA:251,41
DA:253,47
DA:255,13
DA:256,13
DA:257,13
DA:259,51
DA:261,51
LF:218
LH:218
BRDA:25,0,0,51
BRDA:30,1,0,50
BRDA:30,2,0,1
BRDA:31,3,0,50
BRDA:37,4,0,50
BRDA:37,5,0,38
BRDA:38,6,0,50
BRDA:38,7,0,38
BRDA:39,8,0,50
BRDA:39,9,0,1
BRDA:41,10,0,1
BRDA:47,11,0,50
BRDA:86,12,0,42
BRDA:86,13,0,0
BRDA:86,14,0,8
BRDA:87,15,0,42
BRDA:87,16,0,8
BRDA:87,17,0,0
BRDA:98,18,0,1
BRDA:98,19,0,49
BRDA:103,20,0,1
BRDA:103,21,0,49
BRDA:194,22,0,15
BRDA:194,23,0,13
BRDA:215,24,0,15
BRDA:233,25,0,13
BRDA:49,26,0,1
BRDA:51,27,0,1
BRDA:54,28,0,6
BRDA:56,29,0,0
BRDA:64,30,0,5
BRDA:68,31,0,2
BRDA:69,32,0,1
BRDA:69,33,0,1
BRDA:70,34,0,1
BRDA:70,35,0,1
BRDA:74,36,0,4
BRDA:74,37,0,2
BRDA:75,38,0,1
BRDA:75,39,0,1
BRDA:76,40,0,1
BRDA:76,41,0,1
BRDA:114,42,0,1
BRDA:114,43,0,1
BRDA:121,44,0,1
BRDA:147,45,0,1
BRDA:167,46,0,1
BRDA:177,47,0,300
BRDA:182,48,0,15
BRDA:183,49,0,285
BRDA:180,50,0,13
BRDA:180,51,0,1
BRDA:180,52,0,12
BRDA:198,53,0,143
BRDA:203,54,0,2
BRDA:204,55,0,141
BRDA:201,56,0,3
BRDA:201,57,0,1
BRDA:201,58,0,2
BRDA:224,59,0,1
BRDA:237,60,0,47
BRDA:243,61,0,30
BRDA:243,62,0,17
BRDA:244,63,0,9
BRDA:244,64,0,8
BRDA:245,65,0,1
BRDA:245,66,0,7
BRDA:248,67,0,41
BRDA:238,68,0,292
BRF:69
BRH:66
end_of_record
TN:
SF:src\pages\MatchesPage.tsx
FN:18,MatchesPage
FN:40,onClick
FN:54,onClick
FN:66,onClick
FNF:4
FNH:4
FNDA:18,MatchesPage
FNDA:4,onClick
FNDA:1,onClick
FNDA:2,onClick
DA:1,1
DA:2,1
DA:3,1
DA:4,1
DA:5,1
DA:6,1
DA:7,1
DA:8,1
DA:10,1
DA:11,1
DA:12,1
DA:13,1
DA:14,1
DA:15,1
DA:16,1
DA:18,18
DA:19,18
DA:20,18
DA:21,18
DA:22,18
DA:24,18
DA:25,102
DA:26,102
DA:27,102
DA:28,80
DA:29,18
DA:31,18
DA:32,18
DA:33,18
DA:36,18
DA:37,18
DA:38,54
DA:39,54
DA:40,54
DA:41,54
DA:42,54
DA:43,18
DA:44,36
DA:45,54
DA:47,54
DA:48,54
DA:49,18
DA:51,18
DA:53,18
DA:54,18
DA:55,18
DA:56,18
DA:57,16
DA:58,2
DA:59,18
DA:60,18
DA:62,18
DA:63,18
DA:64,36
DA:65,36
DA:66,36
DA:67,36
DA:68,36
DA:69,2
DA:70,34
DA:71,36
DA:73,36
DA:74,36
DA:75,18
DA:76,18
DA:79,18
DA:80,18
DA:81,1
DA:83,18
DA:84,89
DA:85,89
DA:86,89
DA:87,89
DA:88,89
DA:89,89
DA:90,89
DA:91,89
DA:92,89
DA:93,89
DA:94,89
DA:95,89
DA:96,89
DA:97,89
DA:98,89
DA:99,89
DA:100,89
DA:101,89
DA:102,89
DA:103,89
DA:104,89
DA:105,89
DA:106,89
DA:107,89
DA:108,89
DA:109,89
DA:110,89
DA:111,43
DA:112,43
DA:113,43
DA:114,43
DA:115,43
DA:117,89
DA:118,89
DA:119,89
DA:120,89
DA:121,89
DA:123,18
DA:124,18
DA:125,18
DA:127,18
LF:110
LH:110
BRDA:18,0,0,18
BRDA:56,1,0,16
BRDA:57,2,0,2
BRDA:80,3,0,1
BRDA:24,4,0,102
BRDA:25,5,0,12
BRDA:25,6,0,4
BRDA:25,7,0,98
BRDA:26,8,0,12
BRDA:26,9,0,86
BRDA:27,10,0,6
BRDA:27,11,0,80
BRDA:37,12,0,54
BRDA:42,13,0,18
BRDA:43,14,0,36
BRDA:47,15,0,18
BRDA:47,16,0,36
BRDA:47,17,0,18
BRDA:47,18,0,18
BRDA:40,19,0,4
BRDA:54,20,0,1
BRDA:63,21,0,36
BRDA:68,22,0,2
BRDA:69,23,0,34
BRDA:66,24,0,2
BRDA:83,25,0,89
BRDA:85,26,0,43
BRDA:97,27,0,61
BRDA:97,28,0,28
BRDA:110,29,0,43
BRDA:112,30,0,15
BRDA:112,31,0,28
BRDA:114,32,0,15
BRDA:114,33,0,28
BRDA:84,34,0,116
BRF:35
BRH:35
end_of_record
TN:
SF:src\pages\PlayerDetailPage.tsx
FN:23,PlayerDetailPage
FNF:1
FNH:1
FNDA:11,PlayerDetailPage
DA:1,1
DA:2,1
DA:3,1
DA:4,1
DA:5,1
DA:6,1
DA:16,1
DA:21,1
DA:23,11
DA:24,11
DA:25,11
DA:26,11
DA:27,11
DA:28,11
DA:29,11
DA:30,11
DA:33,11
DA:34,11
DA:35,11
DA:36,11
DA:38,11
DA:39,1
DA:40,1
DA:41,1
DA:42,1
DA:44,1
DA:46,10
DA:47,10
DA:48,2
DA:49,10
DA:51,10
DA:52,10
DA:53,10
DA:55,10
DA:56,10
DA:58,10
DA:59,10
DA:60,10
DA:61,10
DA:62,10
DA:63,10
DA:64,10
DA:65,10
DA:66,10
DA:67,10
DA:68,10
DA:69,10
DA:70,9
DA:72,11
DA:73,11
DA:74,11
DA:75,11
DA:76,11
DA:77,11
DA:78,11
DA:79,11
DA:80,11
DA:81,11
DA:84,11
DA:85,2
DA:86,2
DA:87,2
DA:88,2
DA:89,2
DA:90,2
DA:91,2
DA:92,2
DA:93,2
DA:94,2
DA:95,2
DA:96,2
DA:97,2
DA:99,2
DA:100,2
DA:101,2
DA:105,11
DA:106,2
DA:107,2
DA:108,2
DA:109,2
DA:110,2
DA:111,2
DA:112,2
DA:113,2
DA:114,2
DA:115,2
DA:116,2
DA:117,2
DA:118,2
DA:119,2
DA:121,2
DA:122,2
DA:123,2
DA:124,11
DA:127,11
DA:128,11
DA:129,11
DA:130,11
DA:131,11
DA:132,11
DA:133,11
DA:134,11
DA:135,11
DA:136,11
DA:137,11
DA:138,11
DA:139,11
DA:140,11
DA:141,11
DA:142,11
DA:143,11
DA:144,11
DA:145,11
DA:146,11
DA:147,11
DA:150,11
DA:151,10
DA:152,10
DA:153,10
DA:154,10
DA:155,26
DA:156,26
DA:157,26
DA:158,26
DA:159,26
DA:160,26
DA:161,26
DA:162,26
DA:163,26
DA:164,26
DA:165,26
DA:166,26
DA:167,10
DA:168,10
DA:169,10
DA:173,11
DA:174,2
DA:175,2
DA:176,2
DA:177,2
DA:178,5
DA:179,5
DA:180,5
DA:181,5
DA:182,5
DA:183,5
DA:184,5
DA:185,5
DA:186,5
DA:187,2
DA:188,2
DA:189,2
DA:191,11
DA:193,11
LF:154
LH:154
BRDA:23,0,0,11
BRDA:26,1,0,10
BRDA:26,2,0,1
BRDA:27,3,0,10
BRDA:27,4,0,10
BRDA:33,5,0,10
BRDA:34,6,0,10
BRDA:38,7,0,1
BRDA:44,8,0,10
BRDA:69,9,0,9
BRDA:77,10,0,10
BRDA:78,11,0,1
BRDA:84,12,0,2
BRDA:144,13,0,1
BRDA:150,14,0,10
BRDA:173,15,0,2
BRDA:47,16,0,2
BRDA:52,17,0,16
BRDA:105,18,0,2
BRDA:105,19,0,2
BRDA:154,20,0,26
BRDA:157,21,0,0
BRDA:177,22,0,5
BRF:23
BRH:22
end_of_record
TN:
SF:src\pages\SettingsPage.tsx
FN:8,SettingsPage
FN:12,resetData
FN:35,onClick
FNF:3
FNH:3
FNDA:15,SettingsPage
FNDA:2,resetData
FNDA:3,onClick
DA:1,1
DA:2,1
DA:3,1
DA:4,1
DA:5,1
DA:6,1
DA:8,15
DA:9,15
DA:10,15
DA:12,15
DA:13,2
DA:14,1
DA:15,1
DA:16,2
DA:18,15
DA:19,15
DA:20,15
DA:21,15
DA:22,15
DA:24,15
DA:25,15
DA:26,15
DA:29,15
DA:30,15
DA:31,15
DA:32,15
DA:33,45
DA:34,45
DA:35,45
DA:36,45
DA:37,45
DA:38,15
DA:39,30
DA:40,45
DA:42,45
DA:43,45
DA:44,45
DA:45,15
DA:46,15
DA:47,15
DA:50,15
DA:51,15
DA:52,15
DA:53,15
DA:54,15
DA:55,15
DA:56,15
DA:57,15
DA:58,15
DA:59,15
DA:60,15
DA:61,15
DA:62,15
DA:63,15
DA:64,15
DA:65,15
DA:66,15
DA:67,15
DA:68,15
DA:69,15
DA:70,15
DA:71,15
DA:72,15
DA:73,15
DA:74,15
DA:77,15
DA:78,15
DA:79,15
DA:82,15
DA:83,15
DA:84,15
DA:86,15
DA:87,15
DA:90,15
DA:91,15
DA:92,15
DA:93,15
DA:94,15
DA:95,15
DA:96,15
DA:99,15
DA:100,15
DA:101,15
DA:102,15
DA:103,15
DA:105,15
LF:86
LH:86
BRDA:8,0,0,15
BRDA:12,1,0,2
BRDA:13,2,0,1
BRDA:32,3,0,45
BRDA:37,4,0,15
BRDA:38,5,0,30
BRDA:35,6,0,3
BRDA:71,7,0,285
BRF:8
BRH:8
end_of_record
TN:
SF:src\pages\SurveysPage.tsx
FN:24,SurveyCard
FN:43,respondForPlayer
FN:96,onClick
FN:132,onClick
FN:158,onClick
FN:183,SurveysPage
FN:197,onClick
FN:209,onClick
FNF:8
FNH:8
FNDA:83,SurveyCard
FNDA:4,respondForPlayer
FNDA:8,onClick
FNDA:3,onClick
FNDA:1,onClick
FNDA:28,SurveysPage
FNDA:1,onClick
FNDA:3,onClick
DA:1,1
DA:2,1
DA:3,1
DA:4,1
DA:5,1
DA:6,1
DA:7,1
DA:8,1
DA:17,1
DA:22,1
DA:24,83
DA:25,83
DA:26,83
DA:27,83
DA:28,83
DA:29,83
DA:30,83
DA:32,83
DA:33,83
DA:34,57
DA:35,26
DA:36,25
DA:37,1
DA:39,83
DA:40,83
DA:41,83
DA:43,83
DA:44,4
DA:45,4
DA:46,4
DA:47,4
DA:48,4
DA:49,4
DA:50,3
DA:51,3
DA:52,3
DA:53,3
DA:54,4
DA:55,1
DA:56,1
DA:57,1
DA:58,1
DA:59,1
DA:60,1
DA:61,1
DA:62,1
DA:63,1
DA:64,1
DA:65,1
DA:66,4
DA:68,83
DA:69,83
DA:70,83
DA:71,83
DA:72,83
DA:73,83
DA:74,83
DA:75,83
DA:76,83
DA:78,83
DA:81,83
DA:82,83
DA:83,83
DA:84,83
DA:85,83
DA:86,83
DA:87,83
DA:88,83
DA:89,83
DA:90,83
DA:91,83
DA:92,83
DA:93,83
DA:94,83
DA:96,83
DA:97,83
DA:98,83
DA:100,83
DA:101,11
DA:102,11
DA:103,121
DA:104,121
DA:105,121
DA:106,33
DA:107,22
DA:109,121
DA:110,121
DA:111,121
DA:112,121
DA:113,121
DA:114,121
DA:115,121
DA:116,13
DA:117,13
DA:118,13
DA:119,13
DA:121,121
DA:124,121
DA:125,121
DA:126,121
DA:127,121
DA:128,121
DA:129,121
DA:130,363
DA:131,363
DA:132,363
DA:133,363
DA:134,363
DA:135,33
DA:136,20
DA:137,13
DA:138,1
DA:139,12
DA:140,330
DA:141,363
DA:143,363
DA:144,363
DA:145,121
DA:146,121
DA:147,121
DA:150,121
DA:151,121
DA:153,121
DA:154,121
DA:155,121
DA:156,363
DA:157,363
DA:158,363
DA:159,363
DA:160,363
DA:161,23
DA:162,11
DA:163,12
DA:164,11
DA:165,1
DA:166,340
DA:167,363
DA:169,363
DA:170,363
DA:171,121
DA:172,121
DA:173,121
DA:174,121
DA:176,11
DA:177,11
DA:179,83
DA:181,83
DA:183,28
DA:184,28
DA:185,28
DA:186,28
DA:188,28
DA:190,28
DA:191,28
DA:192,28
DA:195,28
DA:196,28
DA:197,28
DA:198,28
DA:199,28
DA:200,25
DA:201,3
DA:202,28
DA:203,28
DA:205,28
DA:206,28
DA:207,56
DA:208,56
DA:209,56
DA:210,56
DA:211,56
DA:212,3
DA:213,53
DA:214,56
DA:216,56
DA:217,56
DA:218,28
DA:219,28
DA:221,28
DA:223,28
DA:225,28
DA:226,1
DA:227,1
DA:228,1
DA:229,1
DA:230,1
DA:232,27
DA:233,27
DA:234,75
DA:235,27
DA:236,27
DA:238,28
DA:240,28
LF:193
LH:193
BRDA:24,0,0,83
BRDA:27,1,0,0
BRDA:28,2,0,0
BRDA:33,3,0,58
BRDA:33,4,0,57
BRDA:34,5,0,26
BRDA:35,6,0,25
BRDA:35,7,0,25
BRDA:36,8,0,1
BRDA:74,9,0,0
BRDA:75,10,0,0
BRDA:97,11,0,11
BRDA:97,12,0,72
BRDA:100,13,0,11
BRDA:39,14,0,100
BRDA:40,15,0,100
BRDA:43,16,0,4
BRDA:49,17,0,3
BRDA:54,18,0,1
BRDA:48,19,0,6
BRDA:96,20,0,8
BRDA:96,21,0,8
BRDA:102,22,0,121
BRDA:105,23,0,34
BRDA:105,24,0,33
BRDA:106,25,0,22
BRDA:115,26,0,13
BRDA:103,27,0,338
BRDA:129,28,0,363
BRDA:134,29,0,102
BRDA:134,30,0,33
BRDA:135,31,0,20
BRDA:136,32,0,13
BRDA:137,33,0,1
BRDA:138,34,0,12
BRDA:139,35,0,330
BRDA:132,36,0,3
BRDA:155,37,0,363
BRDA:160,38,0,102
BRDA:160,39,0,23
BRDA:161,40,0,11
BRDA:162,41,0,12
BRDA:163,42,0,11
BRDA:164,43,0,1
BRDA:165,44,0,340
BRDA:158,45,0,1
BRDA:183,46,0,28
BRDA:188,47,0,25
BRDA:188,48,0,3
BRDA:199,49,0,25
BRDA:200,50,0,3
BRDA:225,51,0,1
BRDA:230,52,0,27
BRDA:197,53,0,1
BRDA:206,54,0,56
BRDA:211,55,0,3
BRDA:212,56,0,53
BRDA:209,57,0,3
BRDA:233,58,0,75
BRF:59
BRH:55
end_of_record
TN:
SF:src\pages\TeamDetailPage.tsx
FN:16,TeamDetailPage
FNF:1
FNH:1
FNDA:9,TeamDetailPage
DA:1,1
DA:2,1
DA:3,1
DA:4,1
DA:5,1
DA:6,1
DA:13,1
DA:14,1
DA:16,9
DA:17,9
DA:18,9
DA:19,9
DA:20,9
DA:21,9
DA:22,9
DA:24,9
DA:25,1
DA:26,1
DA:27,1
DA:28,1
DA:30,1
DA:32,8
DA:33,8
DA:34,8
DA:36,8
DA:37,8
DA:39,8
DA:40,8
DA:41,8
DA:42,8
DA:44,8
DA:45,8
DA:46,8
DA:47,8
DA:48,8
DA:49,8
DA:50,8
DA:51,8
DA:52,8
DA:55,8
DA:56,8
DA:57,8
DA:58,8
DA:59,1
DA:61,7
DA:62,7
DA:63,77
DA:64,77
DA:65,77
DA:66,7
DA:67,77
DA:68,77
DA:70,77
DA:71,77
DA:72,77
DA:73,77
DA:74,77
DA:76,77
DA:77,77
DA:78,77
DA:79,77
DA:80,77
DA:81,77
DA:82,77
DA:83,77
DA:84,77
DA:85,77
DA:86,77
DA:87,7
DA:89,77
DA:90,77
DA:91,77
DA:92,77
DA:93,77
DA:94,77
DA:95,77
DA:96,77
DA:97,77
DA:99,7
DA:100,7
DA:102,9
DA:103,9
DA:106,9
DA:107,8
DA:108,8
DA:109,8
DA:110,8
DA:111,8
DA:112,8
DA:113,8
DA:114,16
DA:115,16
DA:116,16
DA:117,16
DA:118,16
DA:119,16
DA:120,16
DA:121,16
DA:122,16
DA:123,16
DA:124,8
DA:125,8
DA:126,8
DA:130,9
DA:131,8
DA:132,8
DA:133,8
DA:134,8
DA:135,8
DA:136,8
DA:137,8
DA:138,16
DA:139,16
DA:140,16
DA:141,16
DA:142,16
DA:143,16
DA:144,16
DA:145,16
DA:146,8
DA:147,8
DA:148,8
DA:152,9
DA:153,9
DA:154,9
DA:155,9
DA:156,9
DA:157,9
DA:158,9
DA:159,9
DA:160,9
DA:161,9
DA:162,9
DA:163,9
DA:164,9
DA:165,9
DA:166,9
DA:167,9
DA:169,9
LF:139
LH:139
BRDA:16,0,0,9
BRDA:24,1,0,1
BRDA:30,2,0,8
BRDA:58,3,0,1
BRDA:59,4,0,7
BRDA:106,5,0,8
BRDA:130,6,0,8
BRDA:32,7,0,32
BRDA:33,8,0,32
BRDA:62,9,0,77
BRDA:68,10,0,70
BRDA:78,11,0,7
BRDA:86,12,0,7
BRDA:92,13,0,7
BRDA:64,14,0,77
BRDA:65,15,0,7
BRDA:113,16,0,16
BRDA:117,17,0,0
BRDA:137,18,0,16
BRDA:140,19,0,0
BRF:20
BRH:18
end_of_record
TN:
SF:src\pages\TeamsPage.tsx
FN:6,TeamsPage
FNF:1
FNH:1
FNDA:4,TeamsPage
DA:1,1
DA:2,1
DA:3,1
DA:4,1
DA:6,4
DA:7,4
DA:8,4
DA:10,4
DA:11,4
DA:12,4
DA:14,4
DA:15,4
DA:16,8
DA:17,8
DA:19,8
DA:20,8
DA:21,8
DA:22,8
DA:23,8
DA:24,8
DA:25,8
DA:27,8
DA:28,8
DA:29,8
DA:30,8
DA:31,8
DA:32,8
DA:33,8
DA:34,8
DA:35,8
DA:36,8
DA:37,8
DA:38,8
DA:39,8
DA:41,4
DA:42,4
DA:43,4
DA:45,4
LF:38
LH:38
BRDA:6,0,0,4
BRDA:15,1,0,8
BRDA:33,2,0,4
BRDA:16,3,0,152
BRDA:17,4,0,152
BRF:5
BRH:5
end_of_record
TN:
SF:src\pages\TournamentsPage.tsx
FN:21,TournamentsPage
FNF:1
FNH:1
FNDA:11,TournamentsPage
DA:1,1
DA:2,1
DA:3,1
DA:4,1
DA:5,1
DA:6,1
DA:7,1
DA:9,1
DA:10,1
DA:11,1
DA:12,1
DA:13,1
DA:15,1
DA:16,1
DA:17,1
DA:18,1
DA:19,1
DA:21,11
DA:22,11
DA:23,11
DA:25,11
DA:26,11
DA:27,11
DA:29,11
DA:30,1
DA:31,1
DA:32,1
DA:33,1
DA:34,1
DA:36,10
DA:37,10
DA:38,20
DA:39,40
DA:40,20
DA:42,20
DA:43,20
DA:44,20
DA:45,20
DA:46,20
DA:47,20
DA:48,20
DA:49,10
DA:51,20
DA:52,20
DA:53,20
DA:54,20
DA:55,20
DA:56,20
DA:58,20
DA:59,20
DA:60,20
DA:61,20
DA:62,20
DA:63,20
DA:64,10
DA:65,20
DA:66,20
DA:67,20
DA:68,20
DA:69,20
DA:70,20
DA:71,20
DA:73,20
DA:74,20
DA:75,20
DA:76,20
DA:77,20
DA:79,10
DA:80,10
DA:82,11
DA:84,11
LF:71
LH:71
BRDA:21,0,0,11
BRDA:29,1,0,1
BRDA:34,2,0,10
BRDA:37,3,0,20
BRDA:48,4,0,10
BRDA:63,5,0,10
BRDA:74,6,0,0
BRDA:38,7,0,40
BRDA:75,8,0,30
BRF:9
BRH:8
end_of_record
TN:
SF:src\pages\TrainingDetailPage.tsx
FN:28,TrainingDetailPage
FN:44,toggleAttendance
FN:127,onClick
FNF:3
FNH:3
FNDA:14,TrainingDetailPage
FNDA:4,toggleAttendance
FNDA:4,onClick
DA:1,1
DA:2,1
DA:3,1
DA:4,1
DA:5,1
DA:6,1
DA:13,1
DA:14,1
DA:16,1
DA:17,1
DA:18,1
DA:19,1
DA:20,1
DA:22,1
DA:23,1
DA:24,1
DA:25,1
DA:26,1
DA:28,14
DA:29,14
DA:30,14
DA:31,14
DA:32,14
DA:33,14
DA:34,14
DA:36,14
DA:37,1
DA:38,1
DA:39,1
DA:40,1
DA:42,1
DA:44,13
DA:45,4
DA:46,4
DA:47,4
DA:48,4
DA:49,4
DA:50,4
DA:51,4
DA:52,4
DA:53,4
DA:54,4
DA:55,4
DA:56,4
DA:57,4
DA:59,13
DA:60,13
DA:61,13
DA:63,13
DA:64,13
DA:66,13
DA:67,13
DA:68,14
DA:69,14
DA:70,14
DA:71,14
DA:72,14
DA:73,14
DA:74,14
DA:75,14
DA:78,14
DA:79,14
DA:80,14
DA:81,14
DA:82,14
DA:83,14
DA:84,14
DA:85,14
DA:86,14
DA:87,14
DA:88,14
DA:89,4
DA:90,4
DA:91,4
DA:93,14
DA:94,14
DA:97,14
DA:98,6
DA:99,6
DA:100,6
DA:101,6
DA:102,6
DA:103,6
DA:104,6
DA:105,6
DA:106,6
DA:107,6
DA:108,6
DA:109,6
DA:110,6
DA:111,6
DA:115,14
DA:116,14
DA:117,14
DA:118,14
DA:119,14
DA:120,14
DA:121,14
DA:122,139
DA:123,139
DA:124,139
DA:125,139
DA:126,139
DA:127,139
DA:128,139
DA:130,139
DA:131,139
DA:132,139
DA:133,139
DA:134,139
DA:135,139
DA:137,14
DA:138,14
DA:139,14
DA:140,14
DA:142,14
LF:116
LH:116
BRDA:28,0,0,14
BRDA:31,1,0,13
BRDA:31,2,0,1
BRDA:32,3,0,13
BRDA:36,4,0,1
BRDA:42,5,0,13
BRDA:68,6,0,2
BRDA:69,7,0,2
BRDA:72,8,0,2
BRDA:74,9,0,13
BRDA:88,10,0,4
BRDA:97,11,0,6
BRDA:44,12,0,4
BRDA:46,13,0,3
BRDA:46,14,0,1
BRDA:50,15,0,3
BRDA:50,16,0,1
BRDA:45,17,0,3
BRDA:59,18,0,27
BRDA:60,19,0,27
BRDA:61,20,0,27
BRDA:121,21,0,139
BRDA:123,22,0,27
BRDA:123,23,0,112
BRDA:122,24,0,213
BRDA:127,25,0,4
BRF:26
BRH:26
end_of_record
TN:
SF:src\pages\TrainingsPage.tsx
FN:9,TrainingsPage
FN:31,onClick
FN:45,onClick
FN:57,onClick
FNF:4
FNH:4
FNDA:20,TrainingsPage
FNDA:4,onClick
FNDA:1,onClick
FNDA:2,onClick
DA:1,1
DA:2,1
DA:3,1
DA:4,1
DA:5,1
DA:6,1
DA:7,1
DA:9,20
DA:10,20
DA:11,20
DA:12,20
DA:13,20
DA:15,20
DA:16,114
DA:17,114
DA:18,114
DA:19,92
DA:20,20
DA:22,20
DA:23,20
DA:24,20
DA:27,20
DA:28,20
DA:29,60
DA:30,60
DA:31,60
DA:32,60
DA:33,60
DA:34,20
DA:35,40
DA:36,60
DA:38,60
DA:39,60
DA:40,20
DA:42,20
DA:44,20
DA:45,20
DA:46,20
DA:47,20
DA:48,18
DA:49,2
DA:50,20
DA:51,20
DA:53,20
DA:54,20
DA:55,40
DA:56,40
DA:57,40
DA:58,40
DA:59,40
DA:60,2
DA:61,38
DA:62,40
DA:64,40
DA:65,40
DA:66,20
DA:67,20
DA:70,20
DA:71,20
DA:72,1
DA:74,20
DA:75,101
DA:76,101
DA:77,101
DA:78,101
DA:79,101
DA:80,101
DA:81,101
DA:82,101
DA:83,101
DA:84,101
DA:85,101
DA:86,101
DA:87,101
DA:88,101
DA:89,101
DA:90,101
DA:91,101
DA:92,101
DA:93,101
DA:94,101
DA:95,101
DA:96,101
DA:97,16
DA:99,101
DA:100,35
DA:102,101
DA:103,101
DA:104,101
DA:105,34
DA:106,34
DA:107,34
DA:109,101
DA:110,101
DA:111,101
DA:113,20
DA:114,20
DA:115,20
DA:117,20
LF:99
LH:99
BRDA:9,0,0,20
BRDA:47,1,0,18
BRDA:48,2,0,2
BRDA:71,3,0,1
BRDA:15,4,0,114
BRDA:16,5,0,12
BRDA:16,6,0,4
BRDA:16,7,0,110
BRDA:17,8,0,6
BRDA:17,9,0,104
BRDA:18,10,0,12
BRDA:18,11,0,92
BRDA:28,12,0,60
BRDA:33,13,0,20
BRDA:34,14,0,40
BRDA:38,15,0,20
BRDA:38,16,0,40
BRDA:38,17,0,20
BRDA:38,18,0,20
BRDA:31,19,0,4
BRDA:45,20,0,1
BRDA:54,21,0,40
BRDA:59,22,0,2
BRDA:60,23,0,38
BRDA:57,24,0,2
BRDA:74,25,0,101
BRDA:78,26,0,16
BRDA:78,27,0,85
BRDA:86,28,0,16
BRDA:96,29,0,16
BRDA:99,30,0,35
BRDA:99,31,0,35
BRDA:104,32,0,34
BRDA:75,33,0,132
BRF:34
BRH:34
end_of_record
TN:
SF:src\store\AppContext.tsx
FN:52,reducer
FN:162,loadState
FN:175,saveState
FN:192,AppProvider
FN:206,useAppContext
FN:214,useTeams
FN:219,useSelectedTeam
FN:224,useTeam
FN:229,usePlayers
FN:237,usePlayer
FN:242,useMatches
FN:251,useMatch
FN:256,useMatchEvents
FN:263,useTrainings
FN:272,useTraining
FN:277,useAttendances
FN:284,useLineups
FN:289,useSurveys
FN:295,useSurveyResponses
FN:300,useTournaments
FN:305,useUnavailabilities
FN:311,useInjuries
FN:317,usePositionHistory
FN:322,useExercises
FNF:24
FNH:24
FNDA:45,reducer
FNDA:215,loadState
FNDA:256,saveState
FNDA:256,AppProvider
FNDA:1438,useAppContext
FNDA:128,useTeams
FNDA:1,useSelectedTeam
FNDA:113,useTeam
FNDA:214,usePlayers
FNDA:12,usePlayer
FNDA:48,useMatches
FNDA:151,useMatch
FNDA:68,useMatchEvents
FNDA:50,useTrainings
FNDA:98,useTraining
FNDA:53,useAttendances
FNDA:36,useLineups
FNDA:38,useSurveys
FNDA:84,useSurveyResponses
FNDA:12,useTournaments
FNDA:57,useUnavailabilities
FNDA:13,useInjuries
FNDA:12,usePositionHistory
FNDA:1,useExercises
DA:1,1
DA:21,1
DA:23,1
DA:52,45
DA:53,45
DA:54,45
DA:55,4
DA:57,45
DA:58,1
DA:60,45
DA:61,1
DA:62,1
DA:63,1
DA:64,19
DA:65,1
DA:66,1
DA:68,45
DA:69,7
DA:71,45
DA:72,2
DA:73,2
DA:74,2
DA:75,12
DA:76,2
DA:77,2
DA:79,45
DA:80,7
DA:81,7
DA:82,7
DA:83,42
DA:84,7
DA:85,35
DA:86,7
DA:87,7
DA:89,45
DA:90,1
DA:92,45
DA:93,1
DA:94,1
DA:95,1
DA:96,7
DA:97,1
DA:98,1
DA:100,45
DA:101,7
DA:102,7
DA:103,69
DA:104,37
DA:105,5
DA:106,7
DA:107,7
DA:108,5
DA:109,5
DA:110,5
DA:111,5
DA:112,2
DA:113,2
DA:115,45
DA:116,4
DA:117,4
DA:118,2
DA:119,2
DA:120,2
DA:121,2
DA:122,2
DA:123,2
DA:125,45
DA:126,2
DA:127,2
DA:128,2
DA:129,2
DA:131,45
DA:132,4
DA:133,4
DA:134,4
DA:135,13
DA:136,4
DA:137,4
DA:139,45
DA:140,1
DA:141,1
DA:142,1
DA:143,1
DA:145,45
DA:146,1
DA:147,1
DA:148,1
DA:149,1
DA:151,45
DA:153,2
DA:157,45
DA:158,45
DA:162,215
DA:163,215
DA:164,215
DA:165,215
DA:166,22
DA:167,22
DA:168,22
DA:169,215
DA:171,1
DA:172,215
DA:173,215
DA:175,256
DA:176,256
DA:177,256
DA:178,256
DA:180,2
DA:181,256
DA:190,1
DA:192,1
DA:193,256
DA:195,256
DA:196,256
DA:197,256
DA:199,256
DA:200,256
DA:201,256
DA:202,256
DA:204,256
DA:206,1
DA:207,1438
DA:208,1438
DA:209,1436
DA:210,1436
DA:214,1
DA:215,128
DA:216,128
DA:217,128
DA:219,1
DA:220,1
DA:221,1
DA:222,1
DA:224,1
DA:225,113
DA:226,113
DA:227,113
DA:229,1
DA:230,214
DA:231,214
DA:232,206
DA:233,206
DA:234,206
DA:235,206
DA:237,1
DA:238,12
DA:239,12
DA:240,12
DA:242,1
DA:243,48
DA:244,48
DA:245,48
DA:246,48
DA:247,48
DA:248,20
DA:249,20
DA:251,1
DA:252,151
DA:253,151
DA:254,151
DA:256,1
DA:257,68
DA:258,68
DA:259,68
DA:260,68
DA:261,68
DA:263,1
DA:264,50
DA:265,50
DA:266,50
DA:267,50
DA:268,50
DA:269,20
DA:270,20
DA:272,1
DA:273,98
DA:274,98
DA:275,98
DA:277,1
DA:278,53
DA:279,53
DA:280,53
DA:281,53
DA:282,53
DA:284,1
DA:285,36
DA:286,36
DA:287,36
DA:289,1
DA:290,38
DA:291,38
DA:292,4
DA:293,4
DA:295,1
DA:296,84
DA:297,84
DA:298,84
DA:300,1
DA:301,12
DA:302,12
DA:303,12
DA:305,1
DA:306,57
DA:307,57
DA:308,12
DA:309,12
DA:311,1
DA:312,13
DA:313,13
DA:314,12
DA:315,12
DA:317,1
DA:318,12
DA:319,12
DA:320,12
DA:322,1
DA:323,1
DA:324,1
DA:325,1
LF:219
LH:219
BRDA:52,0,0,45
BRDA:54,1,0,4
BRDA:57,2,0,1
BRDA:60,3,0,1
BRDA:68,4,0,7
BRDA:71,5,0,2
BRDA:79,6,0,7
BRDA:89,7,0,1
BRDA:92,8,0,1
BRDA:100,9,0,7
BRDA:107,10,0,5
BRDA:111,11,0,2
BRDA:115,12,0,4
BRDA:117,13,0,2
BRDA:125,14,0,2
BRDA:131,15,0,4
BRDA:139,16,0,1
BRDA:145,17,0,1
BRDA:151,18,0,2
BRDA:153,19,0,0
BRDA:156,20,0,1
BRDA:63,21,0,19
BRDA:64,22,0,1
BRDA:64,23,0,18
BRDA:74,24,0,12
BRDA:75,25,0,2
BRDA:75,26,0,10
BRDA:82,27,0,42
BRDA:83,28,0,7
BRDA:84,29,0,35
BRDA:95,30,0,7
BRDA:96,31,0,1
BRDA:96,32,0,6
BRDA:102,33,0,69
BRDA:103,34,0,37
BRDA:104,35,0,5
BRDA:116,36,0,6
BRDA:134,37,0,13
BRDA:135,38,0,4
BRDA:135,39,0,9
BRDA:162,40,0,215
BRDA:165,41,0,22
BRDA:169,42,0,1
BRDA:171,43,0,194
BRDA:172,44,0,0
BRDA:175,45,0,256
BRDA:178,46,0,2
BRDA:192,47,0,256
BRDA:195,48,0,256
BRDA:206,49,0,1438
BRDA:208,50,0,2
BRDA:208,51,0,1436
BRDA:214,52,0,128
BRDA:219,53,0,1
BRDA:221,54,0,0
BRDA:221,55,0,1
BRDA:224,56,0,113
BRDA:226,57,0,132
BRDA:229,58,0,214
BRDA:231,59,0,213
BRDA:231,60,0,8
BRDA:231,61,0,206
BRDA:231,62,0,152
BRDA:233,63,0,3903
BRDA:233,64,0,1891
BRDA:237,65,0,12
BRDA:239,66,0,101
BRDA:242,67,0,48
BRDA:247,68,0,47
BRDA:247,69,0,28
BRDA:247,70,0,20
BRDA:245,71,0,423
BRDA:248,72,0,120
BRDA:251,73,0,151
BRDA:253,74,0,395
BRDA:256,75,0,68
BRDA:259,76,0,890
BRDA:260,77,0,172
BRDA:260,78,0,30
BRDA:260,79,0,2
BRDA:263,80,0,50
BRDA:268,81,0,49
BRDA:268,82,0,30
BRDA:268,83,0,20
BRDA:266,84,0,539
BRDA:269,85,0,120
BRDA:272,86,0,98
BRDA:274,87,0,515
BRDA:277,88,0,53
BRDA:280,89,0,851
BRDA:280,90,0,427
BRDA:284,91,0,36
BRDA:286,92,0,37
BRDA:289,93,0,38
BRDA:291,94,0,37
BRDA:291,95,0,34
BRDA:291,96,0,4
BRDA:292,97,0,12
BRDA:295,98,0,84
BRDA:297,99,0,252
BRDA:300,100,0,12
BRDA:305,101,0,57
BRDA:307,102,0,56
BRDA:307,103,0,45
BRDA:307,104,0,12
BRDA:308,105,0,12
BRDA:311,106,0,13
BRDA:313,107,0,12
BRDA:313,108,0,1
BRDA:314,109,0,12
BRDA:317,110,0,12
BRDA:319,111,0,72
BRDA:322,112,0,1
BRF:113
BRH:110
end_of_record
TN:
SF:src\theme\ThemeContext.tsx
FN:15,getResolved
FN:22,ThemeProvider
FN:38,handler
FN:43,setTheme
FN:51,useTheme
FNF:5
FNH:5
FNDA:361,getResolved
FNDA:189,ThemeProvider
FNDA:1,handler
FNDA:6,setTheme
FNDA:33,useTheme
DA:1,1
DA:11,1
DA:13,1
DA:15,361
DA:16,361
DA:17,352
DA:18,352
DA:19,9
DA:20,9
DA:22,1
DA:23,189
DA:24,189
DA:25,189
DA:26,189
DA:28,189
DA:29,183
DA:30,183
DA:31,183
DA:32,183
DA:33,189
DA:35,189
DA:36,183
DA:37,176
DA:38,176
DA:39,176
DA:40,176
DA:41,189
DA:43,189
DA:44,6
DA:45,6
DA:46,6
DA:48,189
DA:49,189
DA:51,1
DA:52,33
DA:53,33
DA:54,31
DA:55,31
LF:38
LH:38
BRDA:15,0,0,361
BRDA:16,1,0,352
BRDA:17,2,0,6
BRDA:17,3,0,346
BRDA:18,4,0,9
BRDA:22,5,0,189
BRDA:24,6,0,178
BRDA:24,7,0,176
BRDA:26,8,0,178
BRDA:28,9,0,183
BRDA:35,10,0,183
BRDA:36,11,0,7
BRDA:36,12,0,176
BRDA:38,13,0,1
BRDA:38,14,0,0
BRDA:40,15,0,176
BRDA:43,16,0,6
BRDA:51,17,0,33
BRDA:53,18,0,2
BRDA:53,19,0,31
BRF:20
BRH:19
end_of_record
TN:
SF:src\types\index.ts
FNF:0
FNH:0
DA:15,1
DA:16,1
DA:17,1
DA:18,1
DA:19,1
DA:20,1
DA:21,1
DA:22,1
DA:23,1
DA:24,1
DA:25,1
DA:26,1
DA:43,1
DA:44,1
DA:45,1
DA:46,1
DA:47,1
DA:48,1
DA:49,1
DA:53,1
DA:54,1
DA:55,1
DA:56,1
DA:57,1
DA:63,1
DA:64,1
DA:65,1
DA:66,1
DA:67,1
DA:77,1
DA:78,1
DA:79,1
DA:80,1
DA:81,1
DA:82,1
DA:83,1
DA:84,1
DA:88,1
DA:89,1
DA:90,1
DA:91,1
DA:92,1
DA:98,1
DA:99,1
DA:100,1
DA:101,1
DA:102,1
DA:118,1
DA:119,1
DA:120,1
DA:121,1
DA:122,1
DA:123,1
DA:124,1
DA:125,1
DA:126,1
DA:136,1
DA:137,1
DA:138,1
DA:139,1
DA:140,1
DA:141,1
DA:142,1
DA:143,1
DA:443,1
DA:444,1
DA:445,1
DA:446,1
DA:447,1
DA:448,1
DA:449,1
DA:450,1
DA:451,1
DA:452,1
DA:453,1
DA:454,1
DA:455,1
DA:456,1
DA:457,1
DA:458,1
DA:459,1
DA:460,1
DA:461,1
DA:462,1
DA:463,1
DA:464,1
DA:465,1
DA:466,1
DA:467,1
DA:468,1
DA:469,1
DA:470,1
DA:471,1
DA:472,1
DA:473,1
DA:474,1
DA:475,1
DA:476,1
DA:477,1
DA:478,1
DA:479,1
DA:480,1
DA:481,1
DA:482,1
DA:483,1
DA:484,1
DA:485,1
DA:486,1
DA:487,1
DA:488,1
DA:489,1
DA:490,1
DA:491,1
DA:492,1
DA:493,1
DA:494,1
DA:495,1
DA:496,1
DA:497,1
DA:498,1
DA:499,1
DA:500,1
LF:122
LH:122
BRF:0
BRH:0
end_of_record
TN:
SF:src\utils\date.ts
FN:1,formatDate
FN:6,formatDateShort
FN:11,formatDateFull
FN:21,isUpcoming
FN:27,isPast
FN:31,age
FN:40,today
FN:44,isActiveUnavailability
FNF:8
FNH:8
FNDA:1,formatDate
FNDA:305,formatDateShort
FNDA:219,formatDateFull
FNDA:194,isUpcoming
FNDA:3,isPast
FNDA:24,age
FNDA:55,today
FNDA:49,isActiveUnavailability
DA:1,1
DA:2,1
DA:3,1
DA:4,1
DA:6,1
DA:7,305
DA:8,305
DA:9,305
DA:11,1
DA:12,219
DA:13,219
DA:14,219
DA:15,219
DA:16,219
DA:17,219
DA:18,219
DA:19,219
DA:21,1
DA:22,194
DA:23,194
DA:24,194
DA:25,194
DA:27,1
DA:28,3
DA:29,3
DA:31,1
DA:32,24
DA:33,24
DA:34,24
DA:35,24
DA:36,24
DA:37,24
DA:38,24
DA:40,1
DA:41,55
DA:42,55
DA:44,1
DA:45,49
DA:46,49
DA:47,49
LF:40
LH:40
BRDA:1,0,0,1
BRDA:6,1,0,305
BRDA:11,2,0,219
BRDA:21,3,0,194
BRDA:27,4,0,3
BRDA:31,5,0,24
BRDA:36,6,0,15
BRDA:36,7,0,2
BRDA:36,8,0,10
BRDA:40,9,0,55
BRDA:44,10,0,49
BRDA:45,11,0,1
BRDA:46,12,0,48
BRDA:46,13,0,46
BRF:14
BRH:14
end_of_record
